#
# There is insufficient memory for the Java Runtime Environment to continue.
# Native memory allocation (mmap) failed to map 100663296 bytes. Error detail: G1 virtual space
# Possible reasons:
#   The system is out of physical RAM or swap space
#   This process is running with CompressedOops enabled, and the Java Heap may be blocking the growth of the native heap
# Possible solutions:
#   Reduce memory load on the system
#   Increase physical memory or swap space
#   Check if swap backing store is full
#   Decrease Java heap size (-Xmx/-Xms)
#   Decrease number of Java threads
#   Decrease Java thread stack sizes (-Xss)
#   Set larger code cache with -XX:ReservedCodeCacheSize=
#   JVM is running with Zero Based Compressed Oops mode in which the Java heap is
#     placed in the first 32GB address space. The Java Heap base address is the
#     maximum limit for the native heap growth. Please use -XX:HeapBaseMinAddress
#     to set the Java Heap base and to place the Java Heap above 32GB virtual address.
# This output file may be truncated or incomplete.
#
#  Out of Memory Error (os_windows.cpp:3554), pid=23880, tid=34632
#
# JRE version: OpenJDK Runtime Environment Temurin-25+36 (25.0+36) (build 25+36-LTS)
# Java VM: OpenJDK 64-Bit Server VM Temurin-25+36 (25+36-LTS, mixed mode, sharing, tiered, compressed oops, compressed class ptrs, g1 gc, windows-amd64)
# No core dump will be written. Minidumps are not enabled by default on client versions of Windows
#

---------------  S U M M A R Y ------------

Command Line: -agentlib:jdwp=transport=dt_socket,address=127.0.0.1:50947,suspend=y,server=n -javaagent:C:\Users\User\AppData\Local\JetBrains\IntelliJIdea2025.2\captureAgent\debugger-agent.jar=file:///C:/Users/User/AppData/Local/Temp/capture14619246374244454477.props -Dkotlinx.coroutines.debug.enable.creation.stack.trace=false -Ddebugger.agent.enable.coroutines=true -Dkotlinx.coroutines.debug.enable.flows.stack.trace=true -Dkotlinx.coroutines.debug.enable.mutable.state.flows.stack.trace=true -Dfile.encoding=UTF-8 -Dsun.stdout.encoding=UTF-8 -Dsun.stderr.encoding=UTF-8 com.example.doctor_patient_management_system.DoctorPatientManagementSystemApplication

Host: 12th Gen Intel(R) Core(TM) i5-1235U, 12 cores, 15G,  Windows 11 , 64 bit Build 26100 (10.0.26100.7019)
Time: Thu Nov 20 15:29:23 2025 Bangladesh Standard Time elapsed time: 8.755443 seconds (0d 0h 0m 8s)

---------------  T H R E A D  ---------------

Current thread (0x000001ce826c0930):  VMThread "VM Thread"          [id=34632, stack(0x000000597d000000,0x000000597d100000) (1024K)]

Stack: [0x000000597d000000,0x000000597d100000]
Native frames: (J=compiled Java code, j=interpreted, Vv=VM code, C=native code)
V  [jvm.dll+0x7a8259]  (no source info available)
V  [jvm.dll+0x7728dd]  (no source info available)
V  [jvm.dll+0x9f5583]  (no source info available)
V  [jvm.dll+0x9f7b71]  (no source info available)
V  [jvm.dll+0x9f8273]  (no source info available)
V  [jvm.dll+0x2fcd26]  (no source info available)
V  [jvm.dll+0x7a4485]  (no source info available)
V  [jvm.dll+0x7978e7]  (no source info available)
V  [jvm.dll+0x3f4cb8]  (no source info available)
V  [jvm.dll+0x3fcbf6]  (no source info available)
V  [jvm.dll+0x3e938e]  (no source info available)
V  [jvm.dll+0x3e9648]  (no source info available)
V  [jvm.dll+0x3c0b15]  (no source info available)
V  [jvm.dll+0x3c0baa]  (no source info available)
V  [jvm.dll+0x40d9b6]  (no source info available)
V  [jvm.dll+0x40c2c8]  (no source info available)
V  [jvm.dll+0x3c0247]  (no source info available)
V  [jvm.dll+0x40b6cf]  (no source info available)
V  [jvm.dll+0x9fe4a2]  (no source info available)
V  [jvm.dll+0x9ff7c1]  (no source info available)
V  [jvm.dll+0x9ffd38]  (no source info available)
V  [jvm.dll+0x9fffd3]  (no source info available)
V  [jvm.dll+0x99610d]  (no source info available)
V  [jvm.dll+0x7a6835]  (no source info available)
C  [ucrtbase.dll+0x37b0]  (no source info available)
C  [KERNEL32.DLL+0x2e8d7]  (no source info available)
C  [ntdll.dll+0x8c53c]  (no source info available)

VM_Operation (0x000000597e2fe600): G1CollectForAllocation, mode: safepoint, requested by thread 0x000001ce87c256a0


---------------  P R O C E S S  ---------------

Threads class SMR info:
_java_thread_list=0x000001ce8c01dd10, length=26, elements={
0x000001cee2ccfb60, 0x000001ce826d3c60, 0x000001ce826d46c0, 0x000001ce826db190,
0x000001ce826ddd60, 0x000001ce826dfee0, 0x000001ce826e67c0, 0x000001ce826e5000,
0x000001ce826e8f90, 0x000001ce82c5daf0, 0x000001ce82c41320, 0x000001ce82c42100,
0x000001ce82ca8130, 0x000001ce82d28d40, 0x000001ce82dec370, 0x000001ce87c21820,
0x000001ce87c256a0, 0x000001ce8e2d0cf0, 0x000001ce8e2d5b10, 0x000001ce8e4177f0,
0x000001ce9029fec0, 0x000001ce9029ce60, 0x000001ce94ae0e80, 0x000001ce94adf710,
0x000001ce94ae3590, 0x000001ce93fa2b60
}

Java Threads: ( => current thread )
  0x000001cee2ccfb60 JavaThread "main"                              [_thread_blocked, id=22044, stack(0x000000597c900000,0x000000597ca00000) (1024K)]
  0x000001ce826d3c60 JavaThread "Reference Handler"          daemon [_thread_blocked, id=35568, stack(0x000000597d100000,0x000000597d200000) (1024K)]
  0x000001ce826d46c0 JavaThread "Finalizer"                  daemon [_thread_blocked, id=3076, stack(0x000000597d200000,0x000000597d300000) (1024K)]
  0x000001ce826db190 JavaThread "Signal Dispatcher"          daemon [_thread_blocked, id=30332, stack(0x000000597d300000,0x000000597d400000) (1024K)]
  0x000001ce826ddd60 JavaThread "Attach Listener"            daemon [_thread_blocked, id=32616, stack(0x000000597d400000,0x000000597d500000) (1024K)]
  0x000001ce826dfee0 JavaThread "Service Thread"             daemon [_thread_blocked, id=32504, stack(0x000000597d500000,0x000000597d600000) (1024K)]
  0x000001ce826e67c0 JavaThread "Monitor Deflation Thread"   daemon [_thread_blocked, id=25504, stack(0x000000597d600000,0x000000597d700000) (1024K)]
  0x000001ce826e5000 JavaThread "C2 CompilerThread0"         daemon [_thread_blocked, id=28192, stack(0x000000597d700000,0x000000597d800000) (1024K)]
  0x000001ce826e8f90 JavaThread "C1 CompilerThread0"         daemon [_thread_blocked, id=19888, stack(0x000000597d800000,0x000000597d900000) (1024K)]
  0x000001ce82c5daf0 JavaThread "JDWP Transport Listener: dt_socket" daemon [_thread_blocked, id=33388, stack(0x000000597d900000,0x000000597da00000) (1024K)]
  0x000001ce82c41320 JavaThread "JDWP Event Helper Thread"   daemon [_thread_blocked, id=26056, stack(0x000000597da00000,0x000000597db00000) (1024K)]
  0x000001ce82c42100 JavaThread "JDWP Command Reader"        daemon [_thread_in_native, id=6672, stack(0x000000597db00000,0x000000597dc00000) (1024K)]
  0x000001ce82ca8130 JavaThread "Common-Cleaner"             daemon [_thread_blocked, id=31032, stack(0x000000597dc00000,0x000000597dd00000) (1024K)]
  0x000001ce82d28d40 JavaThread "IntelliJ Suspend Helper"    daemon [_thread_blocked, id=36708, stack(0x000000597dd00000,0x000000597de00000) (1024K)]
  0x000001ce82dec370 JavaThread "Notification Thread"        daemon [_thread_blocked, id=25732, stack(0x000000597de00000,0x000000597df00000) (1024K)]
  0x000001ce87c21820 JavaThread "Thread-0"                          [_thread_blocked, id=30188, stack(0x000000597e100000,0x000000597e200000) (1024K)]
  0x000001ce87c256a0 JavaThread "restartedMain"                     [_thread_blocked, id=37824, stack(0x000000597e200000,0x000000597e300000) (1024K)]
  0x000001ce8e2d0cf0 JavaThread "PostgreSQL-JDBC-Cleaner"    daemon [_thread_blocked, id=33604, stack(0x000000597ef00000,0x000000597f000000) (1024K)]
  0x000001ce8e2d5b10 JavaThread "HikariPool-1:housekeeper"   daemon [_thread_blocked, id=2296, stack(0x000000597f000000,0x000000597f100000) (1024K)]
  0x000001ce8e4177f0 JavaThread "HikariPool-1:connection-adder" daemon [_thread_blocked, id=37196, stack(0x000000597f100000,0x000000597f200000) (1024K)]
  0x000001ce9029fec0 JavaThread "C2 CompilerThread1"         daemon [_thread_blocked, id=33492, stack(0x000000597df00000,0x000000597e000000) (1024K)]
  0x000001ce9029ce60 JavaThread "C2 CompilerThread2"         daemon [_thread_blocked, id=24412, stack(0x000000597ec00000,0x000000597ed00000) (1024K)]
  0x000001ce94ae0e80 JavaThread "Catalina-utility-1"                [_thread_blocked, id=30096, stack(0x000000597f200000,0x000000597f300000) (1024K)]
  0x000001ce94adf710 JavaThread "Catalina-utility-2"                [_thread_blocked, id=32488, stack(0x000000597f300000,0x000000597f400000) (1024K)]
  0x000001ce94ae3590 JavaThread "container-0"                       [_thread_blocked, id=924, stack(0x000000597f400000,0x000000597f500000) (1024K)]
  0x000001ce93fa2b60 JavaThread "File Watcher"               daemon [_thread_blocked, id=36736, stack(0x000000597f500000,0x000000597f600000) (1024K)]
Total: 26

Other Threads:
=>0x000001ce826c0930 VMThread "VM Thread"                           [id=34632, stack(0x000000597d000000,0x000000597d100000) (1024K)]
  0x000001ce826b3c30 WatcherThread "VM Periodic Task Thread"        [id=29328, stack(0x000000597cf00000,0x000000597d000000) (1024K)]
  0x000001cee2d399d0 WorkerThread "GC Thread#0"                     [id=16140, stack(0x000000597ca00000,0x000000597cb00000) (1024K)]
  0x000001ce880b0120 WorkerThread "GC Thread#1"                     [id=31264, stack(0x000000597e300000,0x000000597e400000) (1024K)]
  0x000001ce880b0570 WorkerThread "GC Thread#2"                     [id=2340, stack(0x000000597e400000,0x000000597e500000) (1024K)]
  0x000001ce88535ce0 WorkerThread "GC Thread#3"                     [id=35932, stack(0x000000597e500000,0x000000597e600000) (1024K)]
  0x000001ce885369d0 WorkerThread "GC Thread#4"                     [id=32664, stack(0x000000597e600000,0x000000597e700000) (1024K)]
  0x000001ce88536580 WorkerThread "GC Thread#5"                     [id=13932, stack(0x000000597e700000,0x000000597e800000) (1024K)]
  0x000001ce88536130 WorkerThread "GC Thread#6"                     [id=17416, stack(0x000000597e800000,0x000000597e900000) (1024K)]
  0x000001ce88534750 WorkerThread "GC Thread#7"                     [id=28164, stack(0x000000597e900000,0x000000597ea00000) (1024K)]
  0x000001ce88534ff0 WorkerThread "GC Thread#8"                     [id=11536, stack(0x000000597ea00000,0x000000597eb00000) (1024K)]
  0x000001ce88532d70 WorkerThread "GC Thread#9"                     [id=35636, stack(0x000000597eb00000,0x000000597ec00000) (1024K)]
  0x000001cee2d53900 ConcurrentGCThread "G1 Main Marker"            [id=11384, stack(0x000000597cb00000,0x000000597cc00000) (1024K)]
  0x000001cee2d544a0 WorkerThread "G1 Conc#0"                       [id=34384, stack(0x000000597cc00000,0x000000597cd00000) (1024K)]
  0x000001ce88f68a80 WorkerThread "G1 Conc#1"                       [id=30992, stack(0x000000597e000000,0x000000597e100000) (1024K)]
  0x000001ce88f69320 WorkerThread "G1 Conc#2"                       [id=32080, stack(0x000000597ed00000,0x000000597ee00000) (1024K)]
  0x000001ce825850a0 ConcurrentGCThread "G1 Refine#0"               [id=31220, stack(0x000000597cd00000,0x000000597ce00000) (1024K)]
  0x000001ce82585cb0 ConcurrentGCThread "G1 Service"                [id=32480, stack(0x000000597ce00000,0x000000597cf00000) (1024K)]
Total: 18

Threads with active compile tasks:
C1 CompilerThread0  8803 7888       3       org.springframework.core.annotation.TypeMappedAnnotations$IsPresent::doWithAnnotations (183 bytes)
C2 CompilerThread1  8803 7829   !   4       org.springframework.beans.factory.support.DefaultListableBeanFactory::doGetBeanNamesForType (527 bytes)
Total: 2

VM state: at safepoint (normal execution)

VM Mutex/Monitor currently owned by a thread:  ([mutex/lock_event])
[0x00007ff8963d6328] Threads_lock - owner thread: 0x000001ce826c0930
[0x00007ff8963d64a8] Heap_lock - owner thread: 0x000001ce87c256a0

Heap address: 0x0000000704a00000, size: 4022 MB, Compressed Oops mode: Zero based, Oop shift amount: 3

CDS archive(s) mapped at: [0x0000000036000000-0x0000000036dd0000-0x0000000036dd0000), size 14483456, SharedBaseAddress: 0x0000000036000000, ArchiveRelocationMode: 1.
Compressed class space mapped at: 0x0000000037000000-0x0000000077000000, reserved size: 1073741824
UseCompressedClassPointers 1, UseCompactObjectHeaders 0
Narrow klass pointer bits 32, Max shift 3
Narrow klass base: 0x0000000036000000, Narrow klass shift: 0
Encoding Range: [0x0000000036000000 - 0x0000000136000000), (4294967296 bytes)
Klass Range:    [0x0000000036010000 - 0x0000000077000000), (1090453504 bytes)
Klass ID Range:  [65536 - 1090519033) (1090453497)
Protection zone: [0x0000000036000000 - 0x0000000036010000), (65536 bytes)

GC Precious Log:
 CardTable entry size: 512
 Card Set container configuration: InlinePtr #cards 4 size 8 Array Of Cards #cards 16 size 48 Howl #buckets 8 coarsen threshold 3686 Howl Bitmap #cards 512 size 80 coarsen threshold 460 Card regions per heap region 1 cards per card region 4096
 CPUs: 12 total, 12 available
 Memory: 16087M
 Large Page Support: Disabled
 NUMA Support: Disabled
 Compressed Oops: Enabled (Zero based)
 Heap Region Size: 2M
 Heap Min Capacity: 8M
 Heap Initial Capacity: 252M
 Heap Max Capacity: 4022M
 Pre-touch: Disabled
 Parallel Workers: 10
 Concurrent Workers: 3
 Concurrent Refinement Workers: 10
 Periodic GC: Disabled

Heap:
 garbage-first heap   total reserved 4118528K, committed 63488K, used 37298K [0x0000000704a00000, 0x0000000800000000)
  region size 2048K, 2 young (4096K), 2 survivors (4096K)

Heap Regions: E=young(eden), S=young(survivor), O=old, HS=humongous(starts), HC=humongous(continues), CS=collection set, F=free, TAMS=top-at-mark-start, PB=parsable bottom
|   0|0x0000000704a00000, 0x0000000704c00000, 0x0000000704c00000|100%| O|  |TAMS 0x0000000704a00000| PB 0x0000000704a00000| Untracked |  0
|   1|0x0000000704c00000, 0x0000000704c00000, 0x0000000704e00000|  0%| F|  |TAMS 0x0000000704c00000| PB 0x0000000704c00000| Untracked |  0
|   2|0x0000000704e00000, 0x0000000705000000, 0x0000000705000000|100%| O|  |TAMS 0x0000000704e00000| PB 0x0000000704e00000| Untracked |  0
|   3|0x0000000705000000, 0x0000000705200000, 0x0000000705200000|100%| O|  |TAMS 0x0000000705000000| PB 0x0000000705000000| Untracked |  0
|   4|0x0000000705200000, 0x0000000705400000, 0x0000000705400000|100%| O|  |TAMS 0x0000000705200000| PB 0x0000000705200000| Untracked |  0
|   5|0x0000000705400000, 0x0000000705600000, 0x0000000705600000|100%| O|  |TAMS 0x0000000705400000| PB 0x0000000705400000| Untracked |  0
|   6|0x0000000705600000, 0x0000000705800000, 0x0000000705800000|100%| O|  |TAMS 0x0000000705600000| PB 0x0000000705600000| Untracked |  0
|   7|0x0000000705800000, 0x0000000705a00000, 0x0000000705a00000|100%| O|  |TAMS 0x0000000705800000| PB 0x0000000705800000| Untracked |  0
|   8|0x0000000705a00000, 0x0000000705c00000, 0x0000000705c00000|100%| O|  |TAMS 0x0000000705a00000| PB 0x0000000705a00000| Untracked |  0
|   9|0x0000000705c00000, 0x0000000705e00000, 0x0000000705e00000|100%| O|  |TAMS 0x0000000705c00000| PB 0x0000000705c00000| Untracked |  0
|  10|0x0000000705e00000, 0x0000000706000000, 0x0000000706000000|100%| O|  |TAMS 0x0000000705e00000| PB 0x0000000705e00000| Untracked |  0
|  11|0x0000000706000000, 0x0000000706200000, 0x0000000706200000|100%| O|  |TAMS 0x0000000706000000| PB 0x0000000706000000| Untracked |  0
|  12|0x0000000706200000, 0x0000000706400000, 0x0000000706400000|100%| O|  |TAMS 0x0000000706200000| PB 0x0000000706200000| Untracked |  0
|  13|0x0000000706400000, 0x0000000706600000, 0x0000000706600000|100%| O|  |TAMS 0x0000000706400000| PB 0x0000000706400000| Untracked |  0
|  14|0x0000000706600000, 0x0000000706800000, 0x0000000706800000|100%| O|  |TAMS 0x0000000706600000| PB 0x0000000706600000| Untracked |  0
|  15|0x0000000706800000, 0x00000007069143e0, 0x0000000706a00000| 53%| O|  |TAMS 0x0000000706800000| PB 0x0000000706800000| Untracked |  0
|  16|0x0000000706a00000, 0x0000000706c00000, 0x0000000706c00000|100%| O|  |TAMS 0x0000000706a00000| PB 0x0000000706a00000| Untracked |  0
|  17|0x0000000706c00000, 0x0000000706c00000, 0x0000000706e00000|  0%| F|  |TAMS 0x0000000706c00000| PB 0x0000000706c00000| Untracked |  0
|  18|0x0000000706e00000, 0x0000000706f58700, 0x0000000707000000| 67%| S|CS|TAMS 0x0000000706e00000| PB 0x0000000706e00000| Complete |  0
|  19|0x0000000707000000, 0x0000000707000000, 0x0000000707200000|  0%| F|  |TAMS 0x0000000707000000| PB 0x0000000707000000| Untracked |  0
|  20|0x0000000707200000, 0x0000000707400000, 0x0000000707400000|100%| S|CS|TAMS 0x0000000707200000| PB 0x0000000707200000| Complete |  0
|  21|0x0000000707400000, 0x0000000707400000, 0x0000000707600000|  0%| F|  |TAMS 0x0000000707400000| PB 0x0000000707400000| Untracked |  0
|  22|0x0000000707600000, 0x0000000707600000, 0x0000000707800000|  0%| F|  |TAMS 0x0000000707600000| PB 0x0000000707600000| Untracked |  0
| 105|0x0000000711c00000, 0x0000000711c00000, 0x0000000711e00000|  0%| F|  |TAMS 0x0000000711c00000| PB 0x0000000711c00000| Untracked |  0
| 106|0x0000000711e00000, 0x0000000711e00000, 0x0000000712000000|  0%| F|  |TAMS 0x0000000711e00000| PB 0x0000000711e00000| Untracked |  0
| 107|0x0000000712000000, 0x0000000712000000, 0x0000000712200000|  0%| F|  |TAMS 0x0000000712000000| PB 0x0000000712000000| Untracked |  0
| 108|0x0000000712200000, 0x0000000712200000, 0x0000000712400000|  0%| F|  |TAMS 0x0000000712200000| PB 0x0000000712200000| Untracked |  0
| 124|0x0000000714200000, 0x0000000714200000, 0x0000000714400000|  0%| F|  |TAMS 0x0000000714200000| PB 0x0000000714200000| Untracked |  0
| 125|0x0000000714400000, 0x0000000714400000, 0x0000000714600000|  0%| F|  |TAMS 0x0000000714400000| PB 0x0000000714400000| Untracked |  0
|2009|0x00000007ffc00000, 0x00000007ffe00000, 0x00000007ffe00000|100%| O|  |TAMS 0x00000007ffc00000| PB 0x00000007ffc00000| Untracked |  0
|2010|0x00000007ffe00000, 0x00000007ffe00000, 0x0000000800000000|  0%| F|  |TAMS 0x00000007ffe00000| PB 0x00000007ffe00000| Untracked |  0

Card table byte_map: [0x000001cefb5f0000,0x000001cefbdd0000] _byte_map_base: 0x000001cef7dcb000

Marking Bits: (CMBitMap*) 0x000001cee2d3a060
 Bits: [0x000001cefbdd0000, 0x000001ceffca8000)

Polling page: 0x000001cee0ac0000

Metaspace:
Metaspace        used 81101K, committed 81664K, reserved 1179648K
 class space     used 8871K, committed 9152K, reserved 1048576K

Usage:
  Non-class:     70.54 MB used.
      Class:      8.66 MB used.
       Both:     79.20 MB used.

Virtual space:
  Non-class space:      128.00 MB reserved,      70.81 MB ( 55%) committed,  2 nodes.
      Class space:        1.00 GB reserved,       8.94 MB ( <1%) committed,  1 nodes.
             Both:        1.12 GB reserved,      79.75 MB (  7%) committed. 

Chunk freelists:
   Non-Class:  8.69 MB
       Class:  6.92 MB
        Both:  15.61 MB

MaxMetaspaceSize: unlimited
CompressedClassSpaceSize: 1.00 GB
Initial GC threshold: 21.00 MB
Current GC threshold: 128.38 MB
CDS: on
 - commit_granule_bytes: 65536.
 - commit_granule_words: 8192.
 - virtual_space_node_default_size: 8388608.
 - enlarge_chunks_in_place: 1.
UseCompressedClassPointers 1, UseCompactObjectHeaders 0
Narrow klass pointer bits 32, Max shift 3
Narrow klass base: 0x0000000036000000, Narrow klass shift: 0
Encoding Range: [0x0000000036000000 - 0x0000000136000000), (4294967296 bytes)
Klass Range:    [0x0000000036010000 - 0x0000000077000000), (1090453504 bytes)
Klass ID Range:  [65536 - 1090519033) (1090453497)
Protection zone: [0x0000000036000000 - 0x0000000036010000), (65536 bytes)


Internal statistics:

num_allocs_failed_limit: 11.
num_arena_births: 670.
num_arena_deaths: 0.
num_vsnodes_births: 3.
num_vsnodes_deaths: 0.
num_space_committed: 1276.
num_space_uncommitted: 0.
num_chunks_returned_to_freelist: 11.
num_chunks_taken_from_freelist: 3338.
num_chunk_merges: 11.
num_chunk_splits: 2474.
num_chunks_enlarged: 2061.
num_inconsistent_stats: 0.

CodeHeap 'non-profiled nmethods': size=120064Kb used=3786Kb max_used=3786Kb free=116277Kb
 bounds [0x000001cef3270000, 0x000001cef3630000, 0x000001cefa7b0000]
CodeHeap 'profiled nmethods': size=120000Kb used=10472Kb max_used=10472Kb free=109527Kb
 bounds [0x000001ceeb7b0000, 0x000001ceec1f0000, 0x000001cef2ce0000]
CodeHeap 'non-nmethods': size=5696Kb used=1666Kb max_used=1822Kb free=4029Kb
 bounds [0x000001cef2ce0000, 0x000001cef2f50000, 0x000001cef3270000]
CodeCache: size=245760Kb, used=15924Kb, max_used=16080Kb, free=229833Kb
 total_blobs=7442, nmethods=6714, adapters=631, full_count=0
Compilation: enabled, stopped_count=0, restarted_count=0

Compilation events (20 events):
Event: 7.653 Thread 0x000001ce826e8f90 nmethod 7878 0x000001ceec1e7908 code [0x000001ceec1e7a00, 0x000001ceec1e7c30]
Event: 7.653 Thread 0x000001ce826e8f90 7879       3       java.nio.charset.CharsetDecoder::implFlush (4 bytes)
Event: 7.654 Thread 0x000001ce826e8f90 nmethod 7879 0x000001ceec1e7c88 code [0x000001ceec1e7d80, 0x000001ceec1e7e90]
Event: 7.664 Thread 0x000001ce826e8f90 7880       1       org.springframework.beans.factory.support.ConstructorResolver$ConstructorDependencyDescriptor::setShortcut (6 bytes)
Event: 7.664 Thread 0x000001ce826e8f90 nmethod 7880 0x000001cef3622408 code [0x000001cef3622500, 0x000001cef3622620]
Event: 7.667 Thread 0x000001ce826e8f90 7881       3       jdk.internal.loader.NativeLibraries$NativeLibraryImpl::find (9 bytes)
Event: 7.667 Thread 0x000001ce826e8f90 nmethod 7881 0x000001ceec1e7f88 code [0x000001ceec1e8080, 0x000001ceec1e81c8]
Event: 7.667 Thread 0x000001ce826e8f90 7882       3       java.lang.StringBuilder::append (8 bytes)
Event: 7.667 Thread 0x000001ce826e8f90 nmethod 7882 0x000001ceec1e8288 code [0x000001ceec1e8380, 0x000001ceec1e84d8]
Event: 7.667 Thread 0x000001ce826e8f90 7883       3       java.lang.AbstractStringBuilder::append (74 bytes)
Event: 7.667 Thread 0x000001ce826e5000 7884       4       org.springframework.beans.factory.support.AbstractBeanFactory::isPrototypeCurrentlyInCreation (48 bytes)
Event: 7.667 Thread 0x000001ce826e8f90 nmethod 7883 0x000001ceec1e8588 code [0x000001ceec1e8680, 0x000001ceec1e8a28]
Event: 7.668 Thread 0x000001ce826e8f90 7885       3       org.springframework.beans.factory.config.BeanExpressionContext::<init> (21 bytes)
Event: 7.669 Thread 0x000001ce826e8f90 nmethod 7885 0x000001ceec1e8a88 code [0x000001ceec1e8b80, 0x000001ceec1e8f18]
Event: 7.669 Thread 0x000001ce826e8f90 7886       3       org.springframework.util.ClassUtils::getAllInterfacesForClassAsSet (6 bytes)
Event: 7.670 Thread 0x000001ce826e8f90 nmethod 7886 0x000001ceec1e8f88 code [0x000001ceec1e9080, 0x000001ceec1e91a8]
Event: 7.670 Thread 0x000001ce826e8f90 7887   !   3       org.springframework.util.ClassUtils::getMostSpecificMethod (83 bytes)
Event: 7.670 Thread 0x000001ce826e5000 nmethod 7884 0x000001cef3622708 code [0x000001cef3622800, 0x000001cef3622ac0]
Event: 7.670 Thread 0x000001ce826e8f90 nmethod 7887 0x000001ceec1e9288 code [0x000001ceec1e9380, 0x000001ceec1ea190]
Event: 7.670 Thread 0x000001ce826e8f90 7888       3       org.springframework.core.annotation.TypeMappedAnnotations$IsPresent::doWithAnnotations (183 bytes)

GC Heap Usage History (20 events):
Event: 4.925 {heap After GC invocations=12 (full 0):
 garbage-first heap   total reserved 4118528K, committed 61440K, used 25632K [0x0000000704a00000, 0x0000000800000000)
  region size 2048K, 2 young (4096K), 2 survivors (4096K)
}
Event: 5.042 {heap Before GC invocations=12 (full 0):
 garbage-first heap   total reserved 4118528K, committed 61440K, used 33824K [0x0000000704a00000, 0x0000000800000000)
  region size 2048K, 7 young (14336K), 2 survivors (4096K)
}
Event: 5.046 {heap After GC invocations=13 (full 0):
 garbage-first heap   total reserved 4118528K, committed 61440K, used 26123K [0x0000000704a00000, 0x0000000800000000)
  region size 2048K, 1 young (2048K), 1 survivors (2048K)
}
Event: 5.468 {heap Before GC invocations=14 (full 0):
 garbage-first heap   total reserved 4118528K, committed 61440K, used 54795K [0x0000000704a00000, 0x0000000800000000)
  region size 2048K, 15 young (30720K), 1 survivors (2048K)
}
Event: 5.470 {heap After GC invocations=15 (full 0):
 garbage-first heap   total reserved 4118528K, committed 61440K, used 27245K [0x0000000704a00000, 0x0000000800000000)
  region size 2048K, 2 young (4096K), 2 survivors (4096K)
}
Event: 5.948 {heap Before GC invocations=15 (full 0):
 garbage-first heap   total reserved 4118528K, committed 61440K, used 51821K [0x0000000704a00000, 0x0000000800000000)
  region size 2048K, 15 young (30720K), 2 survivors (4096K)
}
Event: 5.953 {heap After GC invocations=16 (full 0):
 garbage-first heap   total reserved 4118528K, committed 63488K, used 28472K [0x0000000704a00000, 0x0000000800000000)
  region size 2048K, 2 young (4096K), 2 survivors (4096K)
}
Event: 6.110 {heap Before GC invocations=16 (full 0):
 garbage-first heap   total reserved 4118528K, committed 63488K, used 55096K [0x0000000704a00000, 0x0000000800000000)
  region size 2048K, 15 young (30720K), 2 survivors (4096K)
}
Event: 6.115 {heap After GC invocations=17 (full 0):
 garbage-first heap   total reserved 4118528K, committed 63488K, used 30093K [0x0000000704a00000, 0x0000000800000000)
  region size 2048K, 2 young (4096K), 2 survivors (4096K)
}
Event: 6.271 {heap Before GC invocations=17 (full 0):
 garbage-first heap   total reserved 4118528K, committed 63488K, used 54669K [0x0000000704a00000, 0x0000000800000000)
  region size 2048K, 14 young (28672K), 2 survivors (4096K)
}
Event: 6.275 {heap After GC invocations=18 (full 0):
 garbage-first heap   total reserved 4118528K, committed 63488K, used 31340K [0x0000000704a00000, 0x0000000800000000)
  region size 2048K, 2 young (4096K), 2 survivors (4096K)
}
Event: 6.348 {heap Before GC invocations=19 (full 0):
 garbage-first heap   total reserved 4118528K, committed 63488K, used 55916K [0x0000000704a00000, 0x0000000800000000)
  region size 2048K, 14 young (28672K), 2 survivors (4096K)
}
Event: 6.351 {heap After GC invocations=20 (full 0):
 garbage-first heap   total reserved 4118528K, committed 63488K, used 31729K [0x0000000704a00000, 0x0000000800000000)
  region size 2048K, 1 young (2048K), 1 survivors (2048K)
}
Event: 6.614 {heap Before GC invocations=20 (full 0):
 garbage-first heap   total reserved 4118528K, committed 63488K, used 54257K [0x0000000704a00000, 0x0000000800000000)
  region size 2048K, 13 young (26624K), 1 survivors (2048K)
}
Event: 6.618 {heap After GC invocations=21 (full 0):
 garbage-first heap   total reserved 4118528K, committed 63488K, used 32803K [0x0000000704a00000, 0x0000000800000000)
  region size 2048K, 2 young (4096K), 2 survivors (4096K)
}
Event: 7.004 {heap Before GC invocations=21 (full 0):
 garbage-first heap   total reserved 4118528K, committed 63488K, used 55331K [0x0000000704a00000, 0x0000000800000000)
  region size 2048K, 13 young (26624K), 2 survivors (4096K)
}
Event: 7.008 {heap After GC invocations=22 (full 0):
 garbage-first heap   total reserved 4118528K, committed 63488K, used 34572K [0x0000000704a00000, 0x0000000800000000)
  region size 2048K, 2 young (4096K), 2 survivors (4096K)
}
Event: 7.342 {heap Before GC invocations=23 (full 0):
 garbage-first heap   total reserved 4118528K, committed 63488K, used 55052K [0x0000000704a00000, 0x0000000800000000)
  region size 2048K, 12 young (24576K), 2 survivors (4096K)
}
Event: 7.346 {heap After GC invocations=24 (full 0):
 garbage-first heap   total reserved 4118528K, committed 63488K, used 36000K [0x0000000704a00000, 0x0000000800000000)
  region size 2048K, 2 young (4096K), 2 survivors (4096K)
}
Event: 7.671 {heap Before GC invocations=24 (full 0):
 garbage-first heap   total reserved 4118528K, committed 63488K, used 52384K [0x0000000704a00000, 0x0000000800000000)
  region size 2048K, 11 young (22528K), 2 survivors (4096K)
}

Metaspace Usage History (20 events):
Event: 4.925 {metaspace After GC invocations=12 (full 0):
 Metaspace       used 56976K, committed 57408K, reserved 1114112K
  class space    used 5622K, committed 5824K, reserved 1048576K
}
Event: 5.042 {metaspace Before GC invocations=12 (full 0):
 Metaspace       used 60129K, committed 60480K, reserved 1114112K
  class space    used 5974K, committed 6144K, reserved 1048576K
}
Event: 5.046 {metaspace After GC invocations=13 (full 0):
 Metaspace       used 60129K, committed 60480K, reserved 1114112K
  class space    used 5974K, committed 6144K, reserved 1048576K
}
Event: 5.468 {metaspace Before GC invocations=14 (full 0):
 Metaspace       used 65482K, committed 65920K, reserved 1114112K
  class space    used 6720K, committed 6912K, reserved 1048576K
}
Event: 5.470 {metaspace After GC invocations=15 (full 0):
 Metaspace       used 65482K, committed 65920K, reserved 1114112K
  class space    used 6720K, committed 6912K, reserved 1048576K
}
Event: 5.948 {metaspace Before GC invocations=15 (full 0):
 Metaspace       used 70004K, committed 70464K, reserved 1114112K
  class space    used 7162K, committed 7360K, reserved 1048576K
}
Event: 5.953 {metaspace After GC invocations=16 (full 0):
 Metaspace       used 70004K, committed 70464K, reserved 1114112K
  class space    used 7162K, committed 7360K, reserved 1048576K
}
Event: 6.110 {metaspace Before GC invocations=16 (full 0):
 Metaspace       used 71919K, committed 72384K, reserved 1114112K
  class space    used 7553K, committed 7744K, reserved 1048576K
}
Event: 6.115 {metaspace After GC invocations=17 (full 0):
 Metaspace       used 71919K, committed 72384K, reserved 1114112K
  class space    used 7553K, committed 7744K, reserved 1048576K
}
Event: 6.271 {metaspace Before GC invocations=17 (full 0):
 Metaspace       used 73734K, committed 74176K, reserved 1179648K
  class space    used 7934K, committed 8128K, reserved 1048576K
}
Event: 6.275 {metaspace After GC invocations=18 (full 0):
 Metaspace       used 73734K, committed 74176K, reserved 1179648K
  class space    used 7934K, committed 8128K, reserved 1048576K
}
Event: 6.348 {metaspace Before GC invocations=19 (full 0):
 Metaspace       used 74083K, committed 74496K, reserved 1179648K
  class space    used 7958K, committed 8128K, reserved 1048576K
}
Event: 6.351 {metaspace After GC invocations=20 (full 0):
 Metaspace       used 74083K, committed 74496K, reserved 1179648K
  class space    used 7958K, committed 8128K, reserved 1048576K
}
Event: 6.614 {metaspace Before GC invocations=20 (full 0):
 Metaspace       used 76061K, committed 76480K, reserved 1179648K
  class space    used 8263K, committed 8448K, reserved 1048576K
}
Event: 6.618 {metaspace After GC invocations=21 (full 0):
 Metaspace       used 76061K, committed 76480K, reserved 1179648K
  class space    used 8263K, committed 8448K, reserved 1048576K
}
Event: 7.004 {metaspace Before GC invocations=21 (full 0):
 Metaspace       used 78195K, committed 78656K, reserved 1179648K
  class space    used 8527K, committed 8704K, reserved 1048576K
}
Event: 7.008 {metaspace After GC invocations=22 (full 0):
 Metaspace       used 78195K, committed 78656K, reserved 1179648K
  class space    used 8527K, committed 8704K, reserved 1048576K
}
Event: 7.342 {metaspace Before GC invocations=23 (full 0):
 Metaspace       used 79454K, committed 80000K, reserved 1179648K
  class space    used 8686K, committed 8960K, reserved 1048576K
}
Event: 7.346 {metaspace After GC invocations=24 (full 0):
 Metaspace       used 79454K, committed 80000K, reserved 1179648K
  class space    used 8686K, committed 8960K, reserved 1048576K
}
Event: 7.671 {metaspace Before GC invocations=24 (full 0):
 Metaspace       used 81101K, committed 81664K, reserved 1179648K
  class space    used 8871K, committed 9152K, reserved 1048576K
}

Dll operation events (12 events):
Event: 0.017 Loaded shared library C:\Program Files\Eclipse Adoptium\jdk-25.0.0.36-hotspot\bin\java.dll
Event: 0.018 Loaded shared library C:\Program Files\Eclipse Adoptium\jdk-25.0.0.36-hotspot\bin\zip.dll
Event: 0.135 Loaded shared library C:\Program Files\Eclipse Adoptium\jdk-25.0.0.36-hotspot\bin\instrument.dll
Event: 0.157 Loaded shared library C:\Program Files\Eclipse Adoptium\jdk-25.0.0.36-hotspot\bin\verify.dll
Event: 0.220 Loaded shared library C:\Program Files\Eclipse Adoptium\jdk-25.0.0.36-hotspot\bin\net.dll
Event: 0.222 Loaded shared library C:\Program Files\Eclipse Adoptium\jdk-25.0.0.36-hotspot\bin\nio.dll
Event: 0.236 Loaded shared library C:\Program Files\Eclipse Adoptium\jdk-25.0.0.36-hotspot\bin\zip.dll
Event: 0.367 Loaded shared library C:\Program Files\Eclipse Adoptium\jdk-25.0.0.36-hotspot\bin\jimage.dll
Event: 0.620 Loaded shared library C:\Program Files\Eclipse Adoptium\jdk-25.0.0.36-hotspot\bin\management.dll
Event: 0.623 Loaded shared library C:\Program Files\Eclipse Adoptium\jdk-25.0.0.36-hotspot\bin\management_ext.dll
Event: 1.699 Loaded shared library C:\Program Files\Eclipse Adoptium\jdk-25.0.0.36-hotspot\bin\sunmscapi.dll
Event: 4.136 Loaded shared library C:\Program Files\Eclipse Adoptium\jdk-25.0.0.36-hotspot\bin\extnet.dll

Deoptimization events (20 events):
Event: 7.668 Thread 0x000001ce87c256a0 DEOPT PACKING pc=0x000001ceebe1a79c sp=0x000000597e2fe490
Event: 7.668 Thread 0x000001ce87c256a0 DEOPT UNPACKING pc=0x000001cef2d31702 sp=0x000000597e2fd988 mode 1
Event: 7.668 Thread 0x000001ce87c256a0 DEOPT PACKING pc=0x000001ceeb932684 sp=0x000000597e2fe540
Event: 7.668 Thread 0x000001ce87c256a0 DEOPT UNPACKING pc=0x000001cef2d31702 sp=0x000000597e2fda08 mode 1
Event: 7.668 Thread 0x000001ce87c256a0 DEOPT PACKING pc=0x000001ceebe1a79c sp=0x000000597e2fe480
Event: 7.668 Thread 0x000001ce87c256a0 DEOPT UNPACKING pc=0x000001cef2d31702 sp=0x000000597e2fd990 mode 1
Event: 7.670 Thread 0x000001ce87c256a0 Uncommon trap: trap_request=0xffffff95 fr.pc=0x000001cef355ffe0 relative=0x0000000000000660
Event: 7.670 Thread 0x000001ce87c256a0 Uncommon trap: reason=unreached action=reinterpret pc=0x000001cef355ffe0 method=org.springframework.util.ClassUtils.getMostSpecificMethod(Ljava/lang/reflect/Method;Ljava/lang/Class;)Ljava/lang/reflect/Method; @ 54 c2
Event: 7.670 Thread 0x000001ce87c256a0 DEOPT PACKING pc=0x000001cef355ffe0 sp=0x000000597e2fe9d0
Event: 7.670 Thread 0x000001ce87c256a0 DEOPT UNPACKING pc=0x000001cef2e11702 sp=0x000000597e2fe9e8 mode 2
Event: 7.670 Thread 0x000001ce87c256a0 Uncommon trap: trap_request=0xffffff45 fr.pc=0x000001cef3457de8 relative=0x0000000000000de8
Event: 7.670 Thread 0x000001ce87c256a0 Uncommon trap: reason=unstable_if action=reinterpret pc=0x000001cef3457de8 method=org.springframework.core.annotation.TypeMappedAnnotations$IsPresent.doWithAnnotations(Ljava/lang/Object;ILjava/lang/Object;[Ljava/lang/annotation/Annotation;)Ljava/lang/Bool
Event: 7.670 Thread 0x000001ce87c256a0 DEOPT PACKING pc=0x000001cef3457de8 sp=0x000000597e2feaf0
Event: 7.670 Thread 0x000001ce87c256a0 DEOPT UNPACKING pc=0x000001cef2e11702 sp=0x000000597e2feb10 mode 2
Event: 7.670 Thread 0x000001ce87c256a0 Uncommon trap: trap_request=0xffffff45 fr.pc=0x000001cef36157d0 relative=0x0000000000000850
Event: 7.670 Thread 0x000001ce87c256a0 Uncommon trap: reason=unstable_if action=reinterpret pc=0x000001cef36157d0 method=org.springframework.core.annotation.AnnotationsScanner.processClassInheritedAnnotations(Ljava/lang/Object;Ljava/lang/Class;Lorg/springframework/core/annotation/AnnotationsPr
Event: 7.670 Thread 0x000001ce87c256a0 DEOPT PACKING pc=0x000001cef36157d0 sp=0x000000597e2fec10
Event: 7.670 Thread 0x000001ce87c256a0 DEOPT UNPACKING pc=0x000001cef2e11702 sp=0x000000597e2febd0 mode 2
Event: 7.670 Thread 0x000001ce87c256a0 DEOPT PACKING pc=0x000001ceebe1a79c sp=0x000000597e2fe960
Event: 7.670 Thread 0x000001ce87c256a0 DEOPT UNPACKING pc=0x000001cef2d31702 sp=0x000000597e2fde70 mode 1

Classes loaded (20 events):
Event: 7.656 Loading class org/springframework/boot/devtools/filewatch/FileSnapshot
Event: 7.656 Loading class org/springframework/boot/devtools/filewatch/FileSnapshot done
Event: 7.662 Loading class org/springframework/boot/devtools/filewatch/FileSystemWatcher$Watcher
Event: 7.662 Loading class org/springframework/boot/devtools/filewatch/FileSystemWatcher$Watcher done
Event: 7.664 Loading class org/springframework/beans/factory/support/AbstractBeanFactory
Event: 7.664 Loading class org/springframework/beans/factory/support/AbstractBeanFactory done
Event: 7.664 Loading class org/springframework/beans/factory/support/RootBeanDefinition
Event: 7.664 Loading class org/springframework/beans/factory/support/RootBeanDefinition done
Event: 7.664 Loading class org/springframework/boot/devtools/restart/Restarter$LeakSafeThreadFactory
Event: 7.664 Loading class org/springframework/boot/devtools/restart/Restarter$LeakSafeThreadFactory done
Event: 7.665 Loading class org/springframework/boot/devtools/livereload/LiveReloadServer$WorkerThreadFactory
Event: 7.665 Loading class org/springframework/boot/devtools/livereload/LiveReloadServer$WorkerThreadFactory done
Event: 7.665 Loading class org/springframework/boot/devtools/livereload/Connection
Event: 7.665 Loading class org/springframework/boot/devtools/livereload/Connection done
Event: 7.666 Loading class java/net/BindException
Event: 7.666 Loading class java/net/BindException done
Event: 7.669 Loading class org/springframework/context/event/EventListener
Event: 7.669 Loading class org/springframework/context/event/EventListener done
Event: 7.669 Loading class org/springframework/core/MethodIntrospector$MetadataLookup
Event: 7.669 Loading class org/springframework/core/MethodIntrospector$MetadataLookup done

Classes unloaded (0 events):
No events

Classes redefined (1 events):
Event: 0.181 Thread 0x000001ce826c0930 redefined class name=java.lang.Throwable, count=1

Internal exceptions (20 events):
Event: 5.606 Thread 0x000001ce87c256a0 Exception <a 'java/lang/IncompatibleClassChangeError'{0x0000000712288f28}: Found class java.lang.Object, but interface was expected> (0x0000000712288f28) 
thrown [s\src\hotspot\share\interpreter\linkResolver.cpp, line 871]
Event: 5.660 Thread 0x000001ce87c256a0 Exception <a 'java/lang/IncompatibleClassChangeError'{0x00000007120c00b8}: Found class java.lang.Object, but interface was expected> (0x00000007120c00b8) 
thrown [s\src\hotspot\share\interpreter\linkResolver.cpp, line 871]
Event: 5.781 Thread 0x000001ce87c256a0 Exception <a 'java/lang/IncompatibleClassChangeError'{0x000000070775a080}: Found class java.lang.Object, but interface was expected> (0x000000070775a080) 
thrown [s\src\hotspot\share\interpreter\linkResolver.cpp, line 871]
Event: 5.885 Thread 0x000001ce87c256a0 Exception <a 'java/lang/IncompatibleClassChangeError'{0x0000000706e2f418}: Found class java.lang.Object, but interface was expected> (0x0000000706e2f418) 
thrown [s\src\hotspot\share\interpreter\linkResolver.cpp, line 871]
Event: 5.885 Thread 0x000001ce87c256a0 Exception <a 'java/lang/IncompatibleClassChangeError'{0x0000000706e3f5e0}: Found class java.lang.Object, but interface was expected> (0x0000000706e3f5e0) 
thrown [s\src\hotspot\share\interpreter\linkResolver.cpp, line 871]
Event: 5.919 Thread 0x000001ce87c256a0 Exception <a 'java/lang/NoSuchMethodError'{0x0000000706c29468}: 'java.lang.Object java.lang.invoke.DirectMethodHandle$Holder.invokeStatic(java.lang.Object, int, java.lang.Object)'> (0x0000000706c29468) 
thrown [s\src\hotspot\share\interpreter\linkResolver.cpp, line 804]
Event: 5.939 Thread 0x000001ce87c256a0 Exception <a 'java/io/IOException'{0x0000000706d61658}> (0x0000000706d61658) 
thrown [s\src\hotspot\share\prims\jni.cpp, line 516]
Event: 6.415 Thread 0x000001ce87c256a0 Exception <a 'java/lang/NoSuchMethodError'{0x000000071432ee10}: 'void java.lang.invoke.Invokers$Holder.invokeExact_MT(java.lang.Object, java.lang.Object, java.lang.Object, java.lang.Object)'> (0x000000071432ee10) 
thrown [s\src\hotspot\share\interpreter\linkResolver.cpp, line 804]
Event: 6.446 Thread 0x000001ce87c256a0 Exception <a 'java/lang/NoSuchMethodError'{0x000000071238d790}: 'long java.lang.invoke.DirectMethodHandle$Holder.invokeVirtual(java.lang.Object, java.lang.Object)'> (0x000000071238d790) 
thrown [s\src\hotspot\share\interpreter\linkResolver.cpp, line 804]
Event: 6.449 Thread 0x000001ce87c256a0 Exception <a 'java/io/FileNotFoundException'{0x00000007123c6450}> (0x00000007123c6450) 
thrown [s\src\hotspot\share\prims\jni.cpp, line 516]
Event: 6.470 Thread 0x000001ce87c256a0 Exception <a 'java/lang/NoSuchMethodError'{0x0000000712155f98}: 'void java.lang.invoke.DirectMethodHandle$Holder.invokeVirtual(java.lang.Object, java.lang.Object, long)'> (0x0000000712155f98) 
thrown [s\src\hotspot\share\interpreter\linkResolver.cpp, line 804]
Event: 6.570 Thread 0x000001ce87c256a0 Exception <a 'java/lang/NoSuchMethodError'{0x00000007071c2388}: 'int java.lang.invoke.DirectMethodHandle$Holder.invokeStaticInit(java.lang.Object, int, java.lang.Object, java.lang.Object, java.lang.Object, java.lang.Object)'> (0x00000007071c2388) 
thrown [s\src\hotspot\share\interpreter\linkResolver.cpp, line 804]
Event: 6.806 Thread 0x000001ce87c256a0 Exception <a 'java/lang/NoSuchMethodError'{0x0000000711eaf9b0}: 'java.lang.Object java.lang.invoke.DirectMethodHandle$Holder.newInvokeSpecial(java.lang.Object, java.lang.Object, java.lang.Object, java.lang.Object, java.lang.Object, java.lang.Object, java.lang.Object, java.lang.Object)'> (0x0000000711eaf9b0) 
thrown [s\src\hotspot\share\interpreter\linkResolver.cpp, line 804]
Event: 6.951 Thread 0x000001ce87c256a0 Exception <a 'java/io/IOException'{0x0000000707386528}> (0x0000000707386528) 
thrown [s\src\hotspot\share\prims\jni.cpp, line 516]
Event: 7.179 Thread 0x000001ce87c256a0 Exception <a 'java/lang/IncompatibleClassChangeError'{0x0000000711e17070}: Found class java.lang.Object, but interface was expected> (0x0000000711e17070) 
thrown [s\src\hotspot\share\interpreter\linkResolver.cpp, line 871]
Event: 7.293 Thread 0x000001ce87c256a0 Exception <a 'java/lang/NoSuchMethodError'{0x00000007075a4390}: 'java.lang.Object java.lang.invoke.DirectMethodHandle$Holder.invokeInterface(java.lang.Object, java.lang.Object, java.lang.Object, java.lang.Object)'> (0x00000007075a4390) 
thrown [s\src\hotspot\share\interpreter\linkResolver.cpp, line 804]
Event: 7.402 Thread 0x000001ce87c256a0 Exception <a 'java/lang/NoSuchMethodError'{0x000000071445c518}: 'int java.lang.invoke.DirectMethodHandle$Holder.invokeStaticInit(java.lang.Object, java.lang.Object, java.lang.Object, java.lang.Object)'> (0x000000071445c518) 
thrown [s\src\hotspot\share\interpreter\linkResolver.cpp, line 804]
Event: 7.409 Thread 0x000001ce87c256a0 Implicit null exception at 0x000001cef32a570f to 0x000001cef32a5d4f
Event: 7.506 Thread 0x000001ce87c256a0 Exception <a 'java/lang/IncompatibleClassChangeError'{0x000000071238e790}: Found class java.lang.Object, but interface was expected> (0x000000071238e790) 
thrown [s\src\hotspot\share\interpreter\linkResolver.cpp, line 871]
Event: 7.666 Thread 0x000001ce87c256a0 Exception <a 'java/net/BindException'{0x0000000707589de0}: Address already in use: bind> (0x0000000707589de0) 
thrown [s\src\hotspot\share\prims\jni.cpp, line 534]

VM Operations (20 events):
Event: 6.995 Executing non-safepoint VM operation: HandshakeAllThreads (Deoptimize) done
Event: 7.004 Executing safepoint VM operation: G1CollectForAllocation (G1 Evacuation Pause)
Event: 7.008 Executing safepoint VM operation: G1CollectForAllocation (G1 Evacuation Pause) done
Event: 7.030 Executing safepoint VM operation: G1PauseRemark
Event: 7.033 Executing safepoint VM operation: G1PauseRemark done
Event: 7.041 Executing safepoint VM operation: G1PauseCleanup
Event: 7.041 Executing safepoint VM operation: G1PauseCleanup done
Event: 7.043 Executing non-safepoint VM operation: HandshakeAllThreads (Deoptimize)
Event: 7.043 Executing non-safepoint VM operation: HandshakeAllThreads (Deoptimize) done
Event: 7.044 Executing non-safepoint VM operation: HandshakeAllThreads (Deoptimize)
Event: 7.044 Executing non-safepoint VM operation: HandshakeAllThreads (Deoptimize) done
Event: 7.193 Executing non-safepoint VM operation: HandshakeAllThreads (Deoptimize)
Event: 7.193 Executing non-safepoint VM operation: HandshakeAllThreads (Deoptimize) done
Event: 7.342 Executing safepoint VM operation: G1CollectForAllocation (G1 Evacuation Pause)
Event: 7.346 Executing safepoint VM operation: G1CollectForAllocation (G1 Evacuation Pause) done
Event: 7.373 Executing non-safepoint VM operation: HandshakeAllThreads (Deoptimize)
Event: 7.373 Executing non-safepoint VM operation: HandshakeAllThreads (Deoptimize) done
Event: 7.594 Executing non-safepoint VM operation: HandshakeAllThreads (Deoptimize)
Event: 7.594 Executing non-safepoint VM operation: HandshakeAllThreads (Deoptimize) done
Event: 7.671 Executing safepoint VM operation: G1CollectForAllocation (G1 Evacuation Pause)

Memory protections (0 events):
No events

Nmethod flushes (20 events):
Event: 7.032 Thread 0x000001ce826c0930 flushing  nmethod 0x000001cef359a788
Event: 7.032 Thread 0x000001ce826c0930 flushing  nmethod 0x000001ceeb8b1c08
Event: 7.032 Thread 0x000001ce826c0930 flushing  nmethod 0x000001ceeb8b3b88
Event: 7.032 Thread 0x000001ce826c0930 flushing  nmethod 0x000001ceeb903f88
Event: 7.032 Thread 0x000001ce826c0930 flushing  nmethod 0x000001ceeba1a608
Event: 7.032 Thread 0x000001ce826c0930 flushing  nmethod 0x000001ceeba5cf88
Event: 7.032 Thread 0x000001ce826c0930 flushing  nmethod 0x000001ceebfd1808
Event: 7.032 Thread 0x000001ce826c0930 flushing  nmethod 0x000001ceebfd2c08
Event: 7.032 Thread 0x000001ce826c0930 flushing  nmethod 0x000001ceec103208
Event: 7.032 Thread 0x000001ce826c0930 flushing  nmethod 0x000001ceec10a708
Event: 7.032 Thread 0x000001ce826c0930 flushing  nmethod 0x000001ceec10ac08
Event: 7.032 Thread 0x000001ce826c0930 flushing  nmethod 0x000001ceec10b008
Event: 7.032 Thread 0x000001ce826c0930 flushing  nmethod 0x000001ceec10b388
Event: 7.032 Thread 0x000001ce826c0930 flushing  nmethod 0x000001ceec10b888
Event: 7.032 Thread 0x000001ce826c0930 flushing  nmethod 0x000001ceec10c288
Event: 7.032 Thread 0x000001ce826c0930 flushing  nmethod 0x000001ceec10d408
Event: 7.032 Thread 0x000001ce826c0930 flushing  nmethod 0x000001ceec10e008
Event: 7.032 Thread 0x000001ce826c0930 flushing  nmethod 0x000001ceec10e308
Event: 7.032 Thread 0x000001ce826c0930 flushing  nmethod 0x000001ceec10eb08
Event: 7.032 Thread 0x000001ce826c0930 flushing  nmethod 0x000001ceec10ee88

Events (20 events):
Event: 1.157 Thread 0x000001ce82cfa5e0 Thread exited: 0x000001ce82cfa5e0
Event: 1.573 Thread 0x000001ce87c256a0 Thread added: 0x000001ce8927bf90
Event: 1.640 Thread 0x000001ce8927bf90 Thread exited: 0x000001ce8927bf90
Event: 1.712 Thread 0x000001ce88554ac0 Thread exited: 0x000001ce88554ac0
Event: 1.942 Thread 0x000001ce826e8f90 Thread added: 0x000001ce88f2aaa0
Event: 4.294 Thread 0x000001ce88f2aaa0 Thread exited: 0x000001ce88f2aaa0
Event: 4.368 Thread 0x000001ce826e8f90 Thread added: 0x000001ce91c75cb0
Event: 4.423 Thread 0x000001ce87c256a0 Thread added: 0x000001ce8e2d0cf0
Event: 4.439 Thread 0x000001ce87c256a0 Thread added: 0x000001ce8e2d5b10
Event: 4.545 Thread 0x000001ce8e2d5b10 Thread added: 0x000001ce8e4177f0
Event: 4.983 Thread 0x000001ce91c75cb0 Thread exited: 0x000001ce91c75cb0
Event: 4.983 Thread 0x000001ce82cf8db0 Thread exited: 0x000001ce82cf8db0
Event: 5.564 Thread 0x000001ce826e5000 Thread added: 0x000001ce9029fec0
Event: 5.564 Thread 0x000001ce826e5000 Thread added: 0x000001ce9029ce60
Event: 5.932 Thread 0x000001ce9029ce60 Thread exited: 0x000001ce9029ce60
Event: 6.053 Thread 0x000001ce826e8f90 Thread added: 0x000001ce9029ce60
Event: 6.454 Thread 0x000001ce87c256a0 Thread added: 0x000001ce94ae0e80
Event: 6.454 Thread 0x000001ce94ae0e80 Thread added: 0x000001ce94adf710
Event: 6.458 Thread 0x000001ce87c256a0 Thread added: 0x000001ce94ae3590
Event: 7.662 Thread 0x000001ce87c256a0 Thread added: 0x000001ce93fa2b60


Dynamic libraries:
0x00007ff6dba70000 - 0x00007ff6dba7e000 	C:\Program Files\Eclipse Adoptium\jdk-25.0.0.36-hotspot\bin\java.exe
0x00007ff91ba20000 - 0x00007ff91bc88000 	C:\WINDOWS\SYSTEM32\ntdll.dll
0x00007ff919820000 - 0x00007ff9198e9000 	C:\WINDOWS\System32\KERNEL32.DLL
0x00007ff918cd0000 - 0x00007ff9190c8000 	C:\WINDOWS\System32\KERNELBASE.dll
0x00007ff919200000 - 0x00007ff91934b000 	C:\WINDOWS\System32\ucrtbase.dll
0x00007ff9071e0000 - 0x00007ff9071f6000 	C:\Program Files\Eclipse Adoptium\jdk-25.0.0.36-hotspot\bin\jli.dll
0x00007ff910290000 - 0x00007ff9102ae000 	C:\Program Files\Eclipse Adoptium\jdk-25.0.0.36-hotspot\bin\VCRUNTIME140.dll
0x00007ff91b2f0000 - 0x00007ff91b4b7000 	C:\WINDOWS\System32\USER32.dll
0x00007ff902630000 - 0x00007ff9028c4000 	C:\WINDOWS\WinSxS\amd64_microsoft.windows.common-controls_6595b64144ccf1df_6.0.26100.7019_none_3e06ffa0e335b8a8\COMCTL32.dll
0x00007ff919610000 - 0x00007ff919637000 	C:\WINDOWS\System32\win32u.dll
0x00007ff91b0a0000 - 0x00007ff91b149000 	C:\WINDOWS\System32\msvcrt.dll
0x00007ff91ac60000 - 0x00007ff91ac8b000 	C:\WINDOWS\System32\GDI32.dll
0x00007ff9190d0000 - 0x00007ff9191fc000 	C:\WINDOWS\System32\gdi32full.dll
0x00007ff918c20000 - 0x00007ff918cc3000 	C:\WINDOWS\System32\msvcp_win.dll
0x00007ff91b2a0000 - 0x00007ff91b2d1000 	C:\WINDOWS\System32\IMM32.DLL
0x00007ff910380000 - 0x00007ff91038c000 	C:\Program Files\Eclipse Adoptium\jdk-25.0.0.36-hotspot\bin\vcruntime140_1.dll
0x00007ff906f80000 - 0x00007ff90700d000 	C:\Program Files\Eclipse Adoptium\jdk-25.0.0.36-hotspot\bin\msvcp140.dll
0x00007ff8955a0000 - 0x00007ff8964c6000 	C:\Program Files\Eclipse Adoptium\jdk-25.0.0.36-hotspot\bin\server\jvm.dll
0x00007ff91b1d0000 - 0x00007ff91b284000 	C:\WINDOWS\System32\ADVAPI32.dll
0x00007ff919d90000 - 0x00007ff919e36000 	C:\WINDOWS\System32\sechost.dll
0x00007ff91af00000 - 0x00007ff91b018000 	C:\WINDOWS\System32\RPCRT4.dll
0x00007ff9198f0000 - 0x00007ff919964000 	C:\WINDOWS\System32\WS2_32.dll
0x00007ff9189f0000 - 0x00007ff918a4e000 	C:\WINDOWS\SYSTEM32\POWRPROF.dll
0x00007ff9028d0000 - 0x00007ff9028db000 	C:\WINDOWS\SYSTEM32\VERSION.dll
0x00007ff90e1b0000 - 0x00007ff90e1e5000 	C:\WINDOWS\SYSTEM32\WINMM.dll
0x00007ff9189d0000 - 0x00007ff9189e4000 	C:\WINDOWS\SYSTEM32\UMPDC.dll
0x00007ff917930000 - 0x00007ff91794b000 	C:\WINDOWS\SYSTEM32\kernel.appcore.dll
0x00007ff9071d0000 - 0x00007ff9071da000 	C:\Program Files\Eclipse Adoptium\jdk-25.0.0.36-hotspot\bin\jimage.dll
0x00007ff916180000 - 0x00007ff9163c2000 	C:\WINDOWS\SYSTEM32\DBGHELP.DLL
0x00007ff919a00000 - 0x00007ff919d8b000 	C:\WINDOWS\System32\combase.dll
0x00007ff91ab80000 - 0x00007ff91ac57000 	C:\WINDOWS\System32\OLEAUT32.dll
0x00007ff8fd240000 - 0x00007ff8fd27c000 	C:\WINDOWS\SYSTEM32\dbgcore.DLL
0x00007ff918b70000 - 0x00007ff918c15000 	C:\WINDOWS\System32\bcryptPrimitives.dll
0x00007ff906ef0000 - 0x00007ff906f2d000 	C:\Program Files\Eclipse Adoptium\jdk-25.0.0.36-hotspot\bin\jdwp.dll
0x00007ff9071c0000 - 0x00007ff9071cf000 	C:\Program Files\Eclipse Adoptium\jdk-25.0.0.36-hotspot\bin\instrument.dll
0x00007ff907120000 - 0x00007ff90713e000 	C:\Program Files\Eclipse Adoptium\jdk-25.0.0.36-hotspot\bin\java.dll
0x00007ff91a0e0000 - 0x00007ff91a277000 	C:\WINDOWS\System32\ole32.dll
0x00007ff91a420000 - 0x00007ff91ab6f000 	C:\WINDOWS\System32\SHELL32.dll
0x00007ff919410000 - 0x00007ff91957b000 	C:\WINDOWS\System32\wintypes.dll
0x00007ff907100000 - 0x00007ff907117000 	C:\Program Files\Eclipse Adoptium\jdk-25.0.0.36-hotspot\bin\zip.dll
0x00007ff916760000 - 0x00007ff916fbd000 	C:\WINDOWS\SYSTEM32\windows.storage.dll
0x00007ff91a280000 - 0x00007ff91a372000 	C:\WINDOWS\System32\SHCORE.dll
0x00007ff91a380000 - 0x00007ff91a3e7000 	C:\WINDOWS\System32\shlwapi.dll
0x00007ff918a90000 - 0x00007ff918ab9000 	C:\WINDOWS\SYSTEM32\profapi.dll
0x00007ff9070e0000 - 0x00007ff9070ec000 	C:\Program Files\Eclipse Adoptium\jdk-25.0.0.36-hotspot\bin\dt_socket.dll
0x00007ff917340000 - 0x00007ff917374000 	C:\WINDOWS\SYSTEM32\IPHLPAPI.DLL
0x00007ff917ea0000 - 0x00007ff917f0b000 	C:\WINDOWS\system32\mswsock.dll
0x00007ff9070b0000 - 0x00007ff9070c0000 	C:\Program Files\Eclipse Adoptium\jdk-25.0.0.36-hotspot\bin\verify.dll
0x00007ff906ed0000 - 0x00007ff906ee1000 	C:\Program Files\Eclipse Adoptium\jdk-25.0.0.36-hotspot\bin\net.dll
0x00007ff9056e0000 - 0x00007ff9056f6000 	C:\Program Files\Eclipse Adoptium\jdk-25.0.0.36-hotspot\bin\nio.dll
0x00007ff904e60000 - 0x00007ff904e6a000 	C:\Program Files\Eclipse Adoptium\jdk-25.0.0.36-hotspot\bin\management.dll
0x00007ff8fcf90000 - 0x00007ff8fcf9c000 	C:\Program Files\Eclipse Adoptium\jdk-25.0.0.36-hotspot\bin\management_ext.dll
0x00007ff9197c0000 - 0x00007ff9197c8000 	C:\WINDOWS\System32\PSAPI.DLL
0x00007ff906ec0000 - 0x00007ff906ece000 	C:\Program Files\Eclipse Adoptium\jdk-25.0.0.36-hotspot\bin\sunmscapi.dll
0x00007ff919640000 - 0x00007ff9197b7000 	C:\WINDOWS\System32\CRYPT32.dll
0x00007ff918380000 - 0x00007ff9183b0000 	C:\WINDOWS\SYSTEM32\ncrypt.dll
0x00007ff918330000 - 0x00007ff91836f000 	C:\WINDOWS\SYSTEM32\NTASN1.dll
0x00007ff918160000 - 0x00007ff91817b000 	C:\WINDOWS\SYSTEM32\CRYPTSP.dll
0x00007ff917890000 - 0x00007ff9178ca000 	C:\WINDOWS\system32\rsaenh.dll
0x00007ff917f50000 - 0x00007ff917f7b000 	C:\WINDOWS\SYSTEM32\USERENV.dll
0x00007ff918a60000 - 0x00007ff918a8a000 	C:\WINDOWS\SYSTEM32\bcrypt.dll
0x00007ff918180000 - 0x00007ff91818c000 	C:\WINDOWS\SYSTEM32\CRYPTBASE.dll
0x00007ff91b2e0000 - 0x00007ff91b2ea000 	C:\WINDOWS\System32\NSI.dll
0x00007ff9173e0000 - 0x00007ff91750c000 	C:\WINDOWS\SYSTEM32\DNSAPI.dll
0x00007ff9115e0000 - 0x00007ff9115eb000 	C:\Windows\System32\rasadhlp.dll
0x00007ff911d70000 - 0x00007ff911df6000 	C:\WINDOWS\System32\fwpuclnt.dll
0x00007ff904ec0000 - 0x00007ff904ec9000 	C:\Program Files\Eclipse Adoptium\jdk-25.0.0.36-hotspot\bin\extnet.dll

JVMTI agents:
jdwp path:C:\Program Files\Eclipse Adoptium\jdk-25.0.0.36-hotspot\bin\jdwp.dll, loaded, initialized, options:transport=dt_socket,address=127.0.0.1:50947,suspend=y,server=n
C:\Users\User\AppData\Local\JetBrains\IntelliJIdea2025.2\captureAgent\debugger-agent.jar path:C:\Program Files\Eclipse Adoptium\jdk-25.0.0.36-hotspot\bin\instrument.dll, loaded, initialized, instrumentlib options:file:///C:/Users/User/AppData/Local/Temp/capture14619246374244454477.props

dbghelp: loaded successfully - version: 4.0.5 - missing functions: none
symbol engine: initialized successfully - sym options: 0x614 - pdb path: .;C:\Program Files\Eclipse Adoptium\jdk-25.0.0.36-hotspot\bin;C:\WINDOWS\SYSTEM32;C:\WINDOWS\WinSxS\amd64_microsoft.windows.common-controls_6595b64144ccf1df_6.0.26100.7019_none_3e06ffa0e335b8a8;C:\Program Files\Eclipse Adoptium\jdk-25.0.0.36-hotspot\bin\server

VM Arguments:
jvm_args: -agentlib:jdwp=transport=dt_socket,address=127.0.0.1:50947,suspend=y,server=n -javaagent:C:\Users\User\AppData\Local\JetBrains\IntelliJIdea2025.2\captureAgent\debugger-agent.jar=file:///C:/Users/User/AppData/Local/Temp/capture14619246374244454477.props -Dkotlinx.coroutines.debug.enable.creation.stack.trace=false -Ddebugger.agent.enable.coroutines=true -Dkotlinx.coroutines.debug.enable.flows.stack.trace=true -Dkotlinx.coroutines.debug.enable.mutable.state.flows.stack.trace=true -Dfile.encoding=UTF-8 -Dsun.stdout.encoding=UTF-8 -Dsun.stderr.encoding=UTF-8 
java_command: com.example.doctor_patient_management_system.DoctorPatientManagementSystemApplication
java_class_path (initial): C:\Users\User\Desktop\SpringBoot\Doctor-Patient - 20 Nov\doctor-patient_management_system\target\classes;C:\Users\User\.m2\repository\org\springframework\boot\spring-boot-starter-data-jpa\3.5.7\spring-boot-starter-data-jpa-3.5.7.jar;C:\Users\User\.m2\repository\org\springframework\boot\spring-boot-starter\3.5.7\spring-boot-starter-3.5.7.jar;C:\Users\User\.m2\repository\org\springframework\boot\spring-boot-starter-logging\3.5.7\spring-boot-starter-logging-3.5.7.jar;C:\Users\User\.m2\repository\ch\qos\logback\logback-classic\1.5.20\logback-classic-1.5.20.jar;C:\Users\User\.m2\repository\ch\qos\logback\logback-core\1.5.20\logback-core-1.5.20.jar;C:\Users\User\.m2\repository\org\apache\logging\log4j\log4j-to-slf4j\2.24.3\log4j-to-slf4j-2.24.3.jar;C:\Users\User\.m2\repository\org\apache\logging\log4j\log4j-api\2.24.3\log4j-api-2.24.3.jar;C:\Users\User\.m2\repository\org\slf4j\jul-to-slf4j\2.0.17\jul-to-slf4j-2.0.17.jar;C:\Users\User\.m2\repository\jakarta\annotation\jakarta.annotation-api\2.1.1\jakarta.annotation-api-2.1.1.jar;C:\Users\User\.m2\repository\org\yaml\snakeyaml\2.4\snakeyaml-2.4.jar;C:\Users\User\.m2\repository\org\springframework\boot\spring-boot-starter-jdbc\3.5.7\spring-boot-starter-jdbc-3.5.7.jar;C:\Users\User\.m2\repository\com\zaxxer\HikariCP\6.3.3\HikariCP-6.3.3.jar;C:\Users\User\.m2\repository\org\springframework\spring-jdbc\6.2.12\spring-jdbc-6.2.12.jar;C:\Users\User\.m2\repository\org\hibernate\orm\hibernate-core\6.6.33.Final\hibernate-core-6.6.33.Final.jar;C:\Users\User\.m2\repository\jakarta\persistence\jakarta.persistence-api\3.1.0\jakarta.persistence-api-3.1.0.jar;C:\Users\User\.m2\repository\jakarta\transaction\jakarta.transaction-api\2.0.1\jakarta.transaction-api-2.0.1.jar;C:\Users\User\.m2\repository\org\jboss\logging\jboss-logging\3.6.1.Final\jboss-logging-3.6.1.Final.jar;C:\Users\User\.m2\repository\org\hibernate\common\hibernate-commons-annotations\7.0.3.Final\hibernate-commons-annotations-7.0.3.Final.jar;C:\Users\User\.m2\repository\io\smallrye\jandex\3.2.0\jandex-3.2.0.jar;C:\Users\User\.m2\repository\com\fasterxml\classmate\1.7.1\classmate-1.7.1.jar;C:\Users\User\.m2\repository\net\bytebuddy\byte-buddy\1.17.8\byte-buddy-1.17.8.jar;C:\Users\User\.m2\repository\org\glassfish\jaxb\jaxb-runtime\4.0.6\jaxb-runtime-4.0.6.jar;C:\Users\User\.m2\repository\org\glassfish\jaxb\jaxb-core\4.0.6\jaxb-core-4.0.6.jar;C:\Users\User\.m2\repository\org\eclipse\angus\angus-activation\2.0.3\angus-activation-2.0.3.jar;C:\Users\User\.m2\repository\org\glassfish\jaxb\txw2\4.0.6\txw2-4.0.6.jar;C:\Users\User\.m2\repository\com\sun\istack\istack-commons-runtime\4.1.2\istack-commons-runtime-4.1.2.jar;C:\Users\User\.m2\repository\jakarta\inject\jakarta.inject-api\2.0.1\jakarta.inject-api-2.0.1.jar;C:\Users\User\.m2\repository\org\antlr\antlr4-runtime\4.13.0\antlr4-runtime-4.13.0.jar;C:\Users\User\.m2\repository\org\springframework\data\spring-data-jpa\3.5.5\spring-data-jpa-3.5.5.jar;C:\Users\User\.m2\repository\org\springframework\data\spring-data-commons\3.5.5\spring-data-commons-3.5.5.jar;C:\Users\User\.m2\repository\org\springframework\spring-orm\6.2.12\spring-orm-6.2.12.jar;C:\Users\User\.m2\repository\org\springframework\spring-context\6.2.12\spring-context-6.2.12.jar;C:\Users\User\.m2\repository\org\springframework\spring-tx\6.2.12\spring-tx-6.2.12.jar;C:\Users\User\.m2\repository\org\springframework\spring-beans\6.2.12\spring-beans-6.2.12.jar;C:\Users\User\.m2\repository\org\springframework\spring-aspects\6.2.12\spring-aspects-6.2.12.jar;C:\Users\User\.m2\repository\org\aspectj\aspectjweaver\1.9.24\aspectjweaver-1.9.24.jar;C:\Users\User\.m2\repository\org\springframework\boot\spring-boot-starter-security\3.5.7\spring-boot-starter-security-3.5.7.jar;C:\Users\User\.m2\repository\org\springframework\spring-aop\6.2.12\spring-aop-6.2.12.jar;C:\Users\User\.m2\repository\org\springframework\security\spring-security-config\6.5.6\spring-security-config-6.5.6.jar;C:\Users\User\.m2\repository\org\springframework\security\spring-security-web\6.5.6\spring-security-web-6.5.6.jar;C:\Users\User\.m2\repository\org\springframework\spring-expression\6.2.12\spring-expression-6.2.12.jar;C:\Users\User\.m2\repository\org\springframework\boot\spring-boot-starter-web\3.5.7\spring-boot-starter-web-3.5.7.jar;C:\Users\User\.m2\repository\org\springframework\boot\spring-boot-starter-json\3.5.7\spring-boot-starter-json-3.5.7.jar;C:\Users\User\.m2\repository\com\fasterxml\jackson\datatype\jackson-datatype-jdk8\2.19.2\jackson-datatype-jdk8-2.19.2.jar;C:\Users\User\.m2\repository\com\fasterxml\jackson\datatype\jackson-datatype-jsr310\2.19.2\jackson-datatype-jsr310-2.19.2.jar;C:\Users\User\.m2\repository\com\fasterxml\jackson\module\jackson-module-parameter-names\2.19.2\jackson-module-parameter-names-2.19.2.jar;C:\Users\User\.m2\repository\org\springframework\boot\spring-boot-starter-tomcat\3.5.7\spring-boot-starter-tomcat-3.5.7.jar;C:\Users\User\.m2\repository\org\apache\tomcat\embed\tomcat-embed-core\10.1.48\tomcat-embed-core-10.1.48.jar;C:\Users\User\.m2\repository\org\apache\tomcat\embed\tomcat-embed-websocket\10.1.48\tomcat-embed-websocket-10.1.48.jar;C:\Users\User\.m2\repository\org\springframework\spring-web\6.2.12\spring-web-6.2.12.jar;C:\Users\User\.m2\repository\io\micrometer\micrometer-observation\1.15.5\micrometer-observation-1.15.5.jar;C:\Users\User\.m2\repository\io\micrometer\micrometer-commons\1.15.5\micrometer-commons-1.15.5.jar;C:\Users\User\.m2\repository\org\springframework\spring-webmvc\6.2.12\spring-webmvc-6.2.12.jar;C:\Users\User\.m2\repository\org\springframework\boot\spring-boot-devtools\3.5.7\spring-boot-devtools-3.5.7.jar;C:\Users\User\.m2\repository\org\springframework\boot\spring-boot\3.5.7\spring-boot-3.5.7.jar;C:\Users\User\.m2\repository\org\springframework\boot\spring-boot-autoconfigure\3.5.7\spring-boot-autoconfigure-3.5.7.jar;C:\Users\User\.m2\repository\org\postgresql\postgresql\42.7.8\postgresql-42.7.8.jar;C:\Users\User\.m2\repository\org\checkerframework\checker-qual\3.49.5\checker-qual-3.49.5.jar;C:\Users\User\.m2\repository\jakarta\xml\bind\jakarta.xml.bind-api\4.0.4\jakarta.xml.bind-api-4.0.4.jar;C:\Users\User\.m2\repository\jakarta\activation\jakarta.activation-api\2.1.4\jakarta.activation-api-2.1.4.jar;C:\Users\User\.m2\repository\org\springframework\spring-core\6.2.12\spring-core-6.2.12.jar;C:\Users\User\.m2\repository\org\springframework\spring-jcl\6.2.12\spring-jcl-6.2.12.jar;C:\Users\User\.m2\repository\io\jsonwebtoken\jjwt-api\0.11.5\jjwt-api-0.11.5.jar;C:\Users\User\.m2\repository\io\jsonwebtoken\jjwt-impl\0.11.5\jjwt-impl-0.11.5.jar;C:\Users\User\.m2\repository\io\jsonwebtoken\jjwt-jackson\0.11.5\jjwt-jackson-0.11.5.jar;C:\Users\User\.m2\repository\com\fasterxml\jackson\core\jackson-databind\2.19.2\jackson-databind-2.19.2.jar;C:\Users\User\.m2\repository\com\fasterxml\jackson\core\jackson-annotations\2.19.2\jackson-annotations-2.19.2.jar;C:\Users\User\.m2\repository\com\fasterxml\jackson\core\jackson-core\2.19.2\jackson-core-2.19.2.jar;C:\Users\User\.m2\repository\org\springframework\boot\spring-boot-starter-validation\3.5.7\spring-boot-starter-validation-3.5.7.jar;C:\Users\User\.m2\repository\org\apache\tomcat\embed\tomcat-embed-el\10.1.48\tomcat-embed-el-10.1.48.jar;C:\Users\User\.m2\repository\org\hibernate\validator\hibernate-validator\8.0.3.Final\hibernate-validator-8.0.3.Final.jar;C:\Users\User\.m2\repository\jakarta\validation\jakarta.validation-api\3.0.2\jakarta.validation-api-3.0.2.jar;C:\Users\User\.m2\repository\org\springframework\boot\spring-boot-starter-thymeleaf\3.5.7\spring-boot-starter-thymeleaf-3.5.7.jar;C:\Users\User\.m2\repository\org\thymeleaf\thymeleaf-spring6\3.1.3.RELEASE\thymeleaf-spring6-3.1.3.RELEASE.jar;C:\Users\User\.m2\repository\org\thymeleaf\thymeleaf\3.1.3.RELEASE\thymeleaf-3.1.3.RELEASE.jar;C:\Users\User\.m2\repository\org\attoparser\attoparser\2.0.7.RELEASE\attoparser-2.0.7.RELEASE.jar;C:\Users\User\.m2\repository\org\unbescape\unbescape\1.1.6.RELEASE\unbescape-1.1.6.RELEASE.jar;C:\Users\User\.m2\repository\org\thymeleaf\extras\thymeleaf-extras-springsecurity6\3.1.3.RELEASE\thymeleaf-extras-springsecurity6-3.1.3.RELEASE.jar;C:\Users\User\.m2\repository\org\slf4j\slf4j-api\2.0.17\slf4j-api-2.0.17.jar;C:\Users\User\.m2\repository\org\springframework\security\spring-security-core\6.5.6\spring-security-core-6.5.6.jar;C:\Users\User\.m2\repository\org\springframework\security\spring-security-crypto\6.5.6\spring-security-crypto-6.5.6.jar;C:\Program Files\JetBrains\IntelliJ IDEA 2025.2.2\lib\idea_rt.jar
Launcher Type: SUN_STANDARD

[Global flags]
     intx CICompilerCount                          = 4                                         {product} {ergonomic}
     uint ConcGCThreads                            = 3                                         {product} {ergonomic}
     uint G1ConcRefinementThreads                  = 10                                        {product} {ergonomic}
   size_t G1HeapRegionSize                         = 2097152                                   {product} {ergonomic}
   size_t InitialHeapSize                          = 264241152                                 {product} {ergonomic}
   size_t MarkStackSize                            = 4194304                                   {product} {ergonomic}
   size_t MarkStackSizeMax                         = 536870912                                 {product} {ergonomic}
   size_t MaxHeapSize                              = 4217372672                                {product} {ergonomic}
   size_t MaxNewSize                               = 2529165312                                {product} {ergonomic}
   size_t MinHeapDeltaBytes                        = 2097152                                   {product} {ergonomic}
   size_t MinHeapSize                              = 8388608                                   {product} {ergonomic}
    uintx NonNMethodCodeHeapSize                   = 5832704                                {pd product} {ergonomic}
    uintx NonProfiledCodeHeapSize                  = 122945536                              {pd product} {ergonomic}
    uintx ProfiledCodeHeapSize                     = 122880000                              {pd product} {ergonomic}
    uintx ReservedCodeCacheSize                    = 251658240                              {pd product} {ergonomic}
     bool SegmentedCodeCache                       = true                                      {product} {ergonomic}
   size_t SoftMaxHeapSize                          = 4217372672                             {manageable} {ergonomic}
     bool UseCompressedOops                        = true                           {product lp64_product} {ergonomic}
     bool UseG1GC                                  = true                                      {product} {ergonomic}
     bool UseLargePagesIndividualAllocation        = false                                  {pd product} {ergonomic}

Logging:
Log output configuration:
 #0: stdout all=warning uptime,level,tags foldmultilines=false
 #1: stderr all=off uptime,level,tags foldmultilines=false

Release file:
IMPLEMENTOR="Eclipse Adoptium" 
IMPLEMENTOR_VERSION="Temurin-25+36" 
JAVA_RUNTIME_VERSION="25+36-LTS" 
JAVA_VERSION="25" 
JAVA_VERSION_DATE="2025-09-16" 
LIBC="default" 
MODULES="java.base java.compiler java.datatransfer java.xml java.prefs java.desktop java.instrument java.logging java.management java.security.sasl java.naming java.rmi java.management.rmi java.net.http java.scripting java.security.jgss java.transaction.xa java.sql java.sql.rowset java.xml.crypto java.se java.smartcardio jdk.accessibility jdk.internal.jvmstat jdk.attach jdk.charsets jdk.internal.opt jdk.zipfs jdk.compiler jdk.crypto.cryptoki jdk.crypto.ec jdk.crypto.mscapi jdk.dynalink jdk.internal.ed jdk.editpad jdk.internal.vm.ci jdk.graal.compiler jdk.graal.compiler.management jdk.hotspot.agent jdk.httpserver jdk.incubator.vector jdk.internal.le jdk.internal.md jdk.jartool jdk.javadoc jdk.jcmd jdk.management jdk.management.agent jdk.jconsole jdk.jdeps jdk.jdwp.agent jdk.jdi jdk.jfr jdk.jlink jdk.jpackage jdk.jshell jdk.jsobject jdk.jstatd jdk.localedata jdk.management.jfr jdk.naming.dns jdk.naming.rmi jdk.net jdk.nio.mapmode jdk.sctp jdk.security.auth jdk.security.jgss jdk.unsupported jdk.unsupported.desktop jdk.xml.dom" 
OS_ARCH="x86_64" 
OS_NAME="Windows" 
SOURCE=".:git:ef82ae723551" 
BUILD_SOURCE="git:b7337f50fb2a765519e79674ae790c2a7450149e"
BUILD_SOURCE_REPO="https://github.com/adoptium/temurin-build.git"
SOURCE_REPO="https://github.com/adoptium/jdk.git"
FULL_VERSION="25+36-LTS"
SEMANTIC_VERSION="25+36"
BUILD_INFO="OS: Windows Server 2022 Version: 10.0"
JVM_VARIANT="Hotspot"
JVM_VERSION="25+36-LTS"
IMAGE_TYPE="JDK"

Environment Variables:
PATH=C:\Program Files\Eclipse Adoptium\jdk-25.0.0.36-hotspot\bin;C:\Program Files\Common Files\Oracle\Java\javapath;C:\WINDOWS\system32;C:\WINDOWS;C:\WINDOWS\System32\Wbem;C:\WINDOWS\System32\WindowsPowerShell\v1.0\;C:\WINDOWS\System32\OpenSSH\;C:\Users\User\Downloads\Flutterfile\flutter\bin;C:\Users\User\AppData\Local\Pub\Cache;C:\Program Files\Git\cmd;C:\Program Files\Git\bin;C:\Users\User\AppData\Local\Pub\Cache\bin;C:\Program Files\Java\jdk-17\bin;C:\MinGW\bin;C:\gradle-8.11.1\bin;C:\Program Files (x86)\Windows Kits\10\Windows Performance Toolkit\;C:\Program Files\doxygen\bin;C:\Program Files\Microsoft SQL Server\150\Tools\Binn\;C:\Program Files\Microsoft SQL Server\Client SDK\ODBC\170\Tools\Binn\;C:\Program Files\dotnet\;C:\Program Files\nodejs\;C:\Program Files\RabbitMQ Server\rabbitmq_server-4.1.4\sbin;;C:\Program Files\Docker\Docker\resources\bin;C:\Program Files\MySQL\MySQL Shell 8.0\bin\;C:\Users\User\AppData\Local\Programs\Python\Python312\Scripts\;C:\Users\User\AppData\Local\Programs\Python\Python312\;C:\Users\User\AppData\Local\Programs\Python\Launcher\;C:\Users\User\AppData\Local\Microsoft\WindowsApps;C:\Users\User\AppData\Local\Programs\Microsoft VS Code\bin;C:\Users\User\.dotnet\tools;C:\Users\User\AppData\Roaming\npm;C:\Program Files (x86)\apache-maven-3.9.11\bin;
USERNAME=User
OS=Windows_NT
PROCESSOR_IDENTIFIER=Intel64 Family 6 Model 154 Stepping 4, GenuineIntel
TMP=C:\Users\User\AppData\Local\Temp
TEMP=C:\Users\User\AppData\Local\Temp




Compilation memory statistics disabled.

Periodic native trim disabled

---------------  S Y S T E M  ---------------

OS:
 Windows 11 , 64 bit Build 26100 (10.0.26100.7019)
OS uptime: 2 days 4:55 hours
Hyper-V role detected

CPU: total 12 (initial active 12) (6 cores per cpu, 2 threads per core) family 6 model 154 stepping 4 microcode 0x424, cx8, cmov, fxsr, ht, mmx, 3dnowpref, sse, sse2, sse3, ssse3, sse4.1, sse4.2, popcnt, lzcnt, tsc, tscinvbit, avx, avx2, aes, erms, clmul, bmi1, bmi2, adx, sha, fma, vzeroupper, clflush, clflushopt, clwb, hv, serialize, rdtscp, rdpid, fsrm, gfni, f16c, cet_ibt, cet_ss
Processor Information for the first 12 processors :
  Max Mhz: 1300, Current Mhz: 1300, Mhz Limit: 1300

Memory: 4k page, system-wide physical 16087M (993M free)
TotalPageFile size 50672M (AvailPageFile size 78M)
current process WorkingSet (physical memory assigned to process): 373M, peak: 384M
current process commit charge ("private bytes"): 409M, peak: 510M

vm_info: OpenJDK 64-Bit Server VM (25+36-LTS) for windows-amd64 JRE (25+36-LTS), built on 2025-09-16T00:00:00Z with unknown MS VC++:1942

END.
