#
# There is insufficient memory for the Java Runtime Environment to continue.
# Native memory allocation (malloc) failed to allocate 1083704 bytes. Error detail: Chunk::new
# Possible reasons:
#   The system is out of physical RAM or swap space
#   This process is running with CompressedOops enabled, and the Java Heap may be blocking the growth of the native heap
# Possible solutions:
#   Reduce memory load on the system
#   Increase physical memory or swap space
#   Check if swap backing store is full
#   Decrease Java heap size (-Xmx/-Xms)
#   Decrease number of Java threads
#   Decrease Java thread stack sizes (-Xss)
#   Set larger code cache with -XX:ReservedCodeCacheSize=
#   JVM is running with Zero Based Compressed Oops mode in which the Java heap is
#     placed in the first 32GB address space. The Java Heap base address is the
#     maximum limit for the native heap growth. Please use -XX:HeapBaseMinAddress
#     to set the Java Heap base and to place the Java Heap above 32GB virtual address.
# This output file may be truncated or incomplete.
#
#  Out of Memory Error (arena.cpp:186), pid=10196, tid=10980
#
# JRE version: OpenJDK Runtime Environment Temurin-25+36 (25.0+36) (build 25+36-LTS)
# Java VM: OpenJDK 64-Bit Server VM Temurin-25+36 (25+36-LTS, mixed mode, sharing, tiered, compressed oops, compressed class ptrs, g1 gc, windows-amd64)
# No core dump will be written. Minidumps are not enabled by default on client versions of Windows
#

---------------  S U M M A R Y ------------

Command Line: -agentlib:jdwp=transport=dt_socket,address=127.0.0.1:51985,suspend=y,server=n -javaagent:C:\Users\User\AppData\Local\JetBrains\IntelliJIdea2025.2\captureAgent\debugger-agent.jar=file:///C:/Users/User/AppData/Local/Temp/capture2761451997259625320.props -Dkotlinx.coroutines.debug.enable.creation.stack.trace=false -Ddebugger.agent.enable.coroutines=true -Dkotlinx.coroutines.debug.enable.flows.stack.trace=true -Dkotlinx.coroutines.debug.enable.mutable.state.flows.stack.trace=true -Dfile.encoding=UTF-8 -Dsun.stdout.encoding=UTF-8 -Dsun.stderr.encoding=UTF-8 com.example.doctor_patient_management_system.DoctorPatientManagementSystemApplication

Host: 12th Gen Intel(R) Core(TM) i5-1235U, 12 cores, 15G,  Windows 11 , 64 bit Build 26100 (10.0.26100.7019)
Time: Thu Nov 20 15:27:15 2025 Bangladesh Standard Time elapsed time: 7.737233 seconds (0d 0h 0m 7s)

---------------  T H R E A D  ---------------

Current thread (0x000001f1d910be90):  JavaThread "C2 CompilerThread1" daemon [_thread_in_native, id=10980, stack(0x0000005a1df00000,0x0000005a1e000000) (1024K)]


Current CompileTask:
C2:7737 7432       4       org.springframework.core.ResolvableType::hasGenerics (14 bytes)

Stack: [0x0000005a1df00000,0x0000005a1e000000]
Native frames: (J=compiled Java code, j=interpreted, Vv=VM code, C=native code)
V  [jvm.dll+0x7a8259]  (no source info available)
V  [jvm.dll+0x7728dd]  (no source info available)
V  [jvm.dll+0x9f5583]  (no source info available)
V  [jvm.dll+0x9f7b71]  (no source info available)
V  [jvm.dll+0x9f8273]  (no source info available)
V  [jvm.dll+0x2fcd26]  (no source info available)
V  [jvm.dll+0x111086]  (no source info available)
V  [jvm.dll+0x1113ae]  (no source info available)
V  [jvm.dll+0x382181]  (no source info available)
V  [jvm.dll+0x6b8646]  (no source info available)
V  [jvm.dll+0x2c943a]  (no source info available)
V  [jvm.dll+0x2c982f]  (no source info available)
V  [jvm.dll+0x2c1d79]  (no source info available)
V  [jvm.dll+0x2bf1ff]  (no source info available)
V  [jvm.dll+0x237300]  (no source info available)
V  [jvm.dll+0x2cf386]  (no source info available)
V  [jvm.dll+0x2cd60a]  (no source info available)
V  [jvm.dll+0x48f5ee]  (no source info available)
V  [jvm.dll+0x99610d]  (no source info available)
V  [jvm.dll+0x7a6835]  (no source info available)
C  [ucrtbase.dll+0x37b0]  (no source info available)
C  [KERNEL32.DLL+0x2e8d7]  (no source info available)
C  [ntdll.dll+0x8c53c]  (no source info available)

Lock stack of current Java thread (top to bottom):


---------------  P R O C E S S  ---------------

Threads class SMR info:
_java_thread_list=0x000001f1e4954c20, length=25, elements={
0x000001f1b937fdf0, 0x000001f1d89b96a0, 0x000001f1d89ba100, 0x000001f1d89bbe20,
0x000001f1d89c0b70, 0x000001f1d89be9f0, 0x000001f1d89c44d0, 0x000001f1d89c1c60,
0x000001f1d89ef000, 0x000001f1d91cf660, 0x000001f1d9290c40, 0x000001f1d9291c20,
0x000001f1d929a7e0, 0x000001f1d9411f60, 0x000001f1d930a7d0, 0x000001f1d910be90,
0x000001f1de5fdc40, 0x000001f1de5ffb80, 0x000001f1e45c2750, 0x000001f1e472a360,
0x000001f1e67713d0, 0x000001f1e02ce8f0, 0x000001f1e6e0ed30, 0x000001f1e6e0f500,
0x000001f1e6e0cdf0
}

Java Threads: ( => current thread )
  0x000001f1b937fdf0 JavaThread "main"                              [_thread_blocked, id=24300, stack(0x0000005a1c900000,0x0000005a1ca00000) (1024K)]
  0x000001f1d89b96a0 JavaThread "Reference Handler"          daemon [_thread_blocked, id=23344, stack(0x0000005a1d100000,0x0000005a1d200000) (1024K)]
  0x000001f1d89ba100 JavaThread "Finalizer"                  daemon [_thread_blocked, id=36944, stack(0x0000005a1d200000,0x0000005a1d300000) (1024K)]
  0x000001f1d89bbe20 JavaThread "Signal Dispatcher"          daemon [_thread_blocked, id=28776, stack(0x0000005a1d300000,0x0000005a1d400000) (1024K)]
  0x000001f1d89c0b70 JavaThread "Attach Listener"            daemon [_thread_blocked, id=18224, stack(0x0000005a1d400000,0x0000005a1d500000) (1024K)]
  0x000001f1d89be9f0 JavaThread "Service Thread"             daemon [_thread_blocked, id=9792, stack(0x0000005a1d500000,0x0000005a1d600000) (1024K)]
  0x000001f1d89c44d0 JavaThread "Monitor Deflation Thread"   daemon [_thread_blocked, id=10328, stack(0x0000005a1d600000,0x0000005a1d700000) (1024K)]
  0x000001f1d89c1c60 JavaThread "C2 CompilerThread0"         daemon [_thread_in_native, id=5476, stack(0x0000005a1d700000,0x0000005a1d800000) (1024K)]
  0x000001f1d89ef000 JavaThread "C1 CompilerThread0"         daemon [_thread_blocked, id=9204, stack(0x0000005a1d800000,0x0000005a1d900000) (1024K)]
  0x000001f1d91cf660 JavaThread "JDWP Transport Listener: dt_socket" daemon [_thread_blocked, id=36796, stack(0x0000005a1d900000,0x0000005a1da00000) (1024K)]
  0x000001f1d9290c40 JavaThread "JDWP Event Helper Thread"   daemon [_thread_blocked, id=28528, stack(0x0000005a1da00000,0x0000005a1db00000) (1024K)]
  0x000001f1d9291c20 JavaThread "JDWP Command Reader"        daemon [_thread_in_native, id=17532, stack(0x0000005a1db00000,0x0000005a1dc00000) (1024K)]
  0x000001f1d929a7e0 JavaThread "Common-Cleaner"             daemon [_thread_blocked, id=10320, stack(0x0000005a1dc00000,0x0000005a1dd00000) (1024K)]
  0x000001f1d9411f60 JavaThread "IntelliJ Suspend Helper"    daemon [_thread_blocked, id=32516, stack(0x0000005a1dd00000,0x0000005a1de00000) (1024K)]
  0x000001f1d930a7d0 JavaThread "Notification Thread"        daemon [_thread_blocked, id=14924, stack(0x0000005a1de00000,0x0000005a1df00000) (1024K)]
=>0x000001f1d910be90 JavaThread "C2 CompilerThread1"         daemon [_thread_in_native, id=10980, stack(0x0000005a1df00000,0x0000005a1e000000) (1024K)]
  0x000001f1de5fdc40 JavaThread "Thread-0"                          [_thread_blocked, id=33952, stack(0x0000005a1e000000,0x0000005a1e100000) (1024K)]
  0x000001f1de5ffb80 JavaThread "restartedMain"                     [_thread_in_native, id=7408, stack(0x0000005a1e100000,0x0000005a1e200000) (1024K)]
  0x000001f1e45c2750 JavaThread "PostgreSQL-JDBC-Cleaner"    daemon [_thread_blocked, id=4584, stack(0x0000005a1ef00000,0x0000005a1f000000) (1024K)]
  0x000001f1e472a360 JavaThread "HikariPool-1:housekeeper"   daemon [_thread_blocked, id=4308, stack(0x0000005a1f000000,0x0000005a1f100000) (1024K)]
  0x000001f1e67713d0 JavaThread "HikariPool-1:connection-adder" daemon [_thread_blocked, id=34432, stack(0x0000005a1f100000,0x0000005a1f200000) (1024K)]
  0x000001f1e02ce8f0 JavaThread "C2 CompilerThread2"         daemon [_thread_in_native, id=31916, stack(0x0000005a1ee00000,0x0000005a1ef00000) (1024K)]
  0x000001f1e6e0ed30 JavaThread "Catalina-utility-1"                [_thread_blocked, id=33196, stack(0x0000005a1f200000,0x0000005a1f300000) (1024K)]
  0x000001f1e6e0f500 JavaThread "Catalina-utility-2"                [_thread_blocked, id=21076, stack(0x0000005a1f300000,0x0000005a1f400000) (1024K)]
  0x000001f1e6e0cdf0 JavaThread "container-0"                       [_thread_blocked, id=32568, stack(0x0000005a1f400000,0x0000005a1f500000) (1024K)]
Total: 25

Other Threads:
  0x000001f1d89a6770 VMThread "VM Thread"                           [id=37612, stack(0x0000005a1d000000,0x0000005a1d100000) (1024K)]
  0x000001f1d899ae10 WatcherThread "VM Periodic Task Thread"        [id=10408, stack(0x0000005a1cf00000,0x0000005a1d000000) (1024K)]
  0x000001f1b93e9db0 WorkerThread "GC Thread#0"                     [id=36516, stack(0x0000005a1ca00000,0x0000005a1cb00000) (1024K)]
  0x000001f1debf4280 WorkerThread "GC Thread#1"                     [id=36560, stack(0x0000005a1e200000,0x0000005a1e300000) (1024K)]
  0x000001f1debf2000 WorkerThread "GC Thread#2"                     [id=37064, stack(0x0000005a1e300000,0x0000005a1e400000) (1024K)]
  0x000001f1debf3140 WorkerThread "GC Thread#3"                     [id=17688, stack(0x0000005a1e400000,0x0000005a1e500000) (1024K)]
  0x000001f1debf2cf0 WorkerThread "GC Thread#4"                     [id=25484, stack(0x0000005a1e500000,0x0000005a1e600000) (1024K)]
  0x000001f1debf3e30 WorkerThread "GC Thread#5"                     [id=17204, stack(0x0000005a1e600000,0x0000005a1e700000) (1024K)]
  0x000001f1debf2450 WorkerThread "GC Thread#6"                     [id=20992, stack(0x0000005a1e700000,0x0000005a1e800000) (1024K)]
  0x000001f1debf1bb0 WorkerThread "GC Thread#7"                     [id=29004, stack(0x0000005a1e800000,0x0000005a1e900000) (1024K)]
  0x000001f1debf3590 WorkerThread "GC Thread#8"                     [id=37004, stack(0x0000005a1e900000,0x0000005a1ea00000) (1024K)]
  0x000001f1debf46d0 WorkerThread "GC Thread#9"                     [id=9100, stack(0x0000005a1ea00000,0x0000005a1eb00000) (1024K)]
  0x000001f1b9403de0 ConcurrentGCThread "G1 Main Marker"            [id=17304, stack(0x0000005a1cb00000,0x0000005a1cc00000) (1024K)]
  0x000001f1b9405120 WorkerThread "G1 Conc#0"                       [id=32668, stack(0x0000005a1cc00000,0x0000005a1cd00000) (1024K)]
  0x000001f1df964550 WorkerThread "G1 Conc#1"                       [id=16876, stack(0x0000005a1ec00000,0x0000005a1ed00000) (1024K)]
  0x000001f1df9608f0 WorkerThread "G1 Conc#2"                       [id=20456, stack(0x0000005a1ed00000,0x0000005a1ee00000) (1024K)]
  0x000001f1b942e8a0 ConcurrentGCThread "G1 Refine#0"               [id=16452, stack(0x0000005a1cd00000,0x0000005a1ce00000) (1024K)]
  0x000001f1d886d6e0 ConcurrentGCThread "G1 Service"                [id=408, stack(0x0000005a1ce00000,0x0000005a1cf00000) (1024K)]
Total: 18

Threads with active compile tasks:
C2 CompilerThread0  8836 7020       4       org.springframework.beans.factory.support.AbstractBeanFactory::isTypeMatch (745 bytes)
C2 CompilerThread1  8836 7432       4       org.springframework.core.ResolvableType::hasGenerics (14 bytes)
C2 CompilerThread2  8836 7328       4       jdk.internal.classfile.impl.StackCounter::<init> (2420 bytes)
Total: 3

VM state: not at safepoint (normal execution)

VM Mutex/Monitor currently owned by a thread: None

Heap address: 0x0000000704a00000, size: 4022 MB, Compressed Oops mode: Zero based, Oop shift amount: 3

CDS archive(s) mapped at: [0x000000001b000000-0x000000001bdd0000-0x000000001bdd0000), size 14483456, SharedBaseAddress: 0x000000001b000000, ArchiveRelocationMode: 1.
Compressed class space mapped at: 0x000000001c000000-0x000000005c000000, reserved size: 1073741824
UseCompressedClassPointers 1, UseCompactObjectHeaders 0
Narrow klass pointer bits 32, Max shift 3
Narrow klass base: 0x000000001b000000, Narrow klass shift: 0
Encoding Range: [0x000000001b000000 - 0x000000011b000000), (4294967296 bytes)
Klass Range:    [0x000000001b010000 - 0x000000005c000000), (1090453504 bytes)
Klass ID Range:  [65536 - 1090519033) (1090453497)
Protection zone: [0x000000001b000000 - 0x000000001b010000), (65536 bytes)

GC Precious Log:
 CardTable entry size: 512
 Card Set container configuration: InlinePtr #cards 4 size 8 Array Of Cards #cards 16 size 48 Howl #buckets 8 coarsen threshold 3686 Howl Bitmap #cards 512 size 80 coarsen threshold 460 Card regions per heap region 1 cards per card region 4096
 CPUs: 12 total, 12 available
 Memory: 16087M
 Large Page Support: Disabled
 NUMA Support: Disabled
 Compressed Oops: Enabled (Zero based)
 Heap Region Size: 2M
 Heap Min Capacity: 8M
 Heap Initial Capacity: 252M
 Heap Max Capacity: 4022M
 Pre-touch: Disabled
 Parallel Workers: 10
 Concurrent Workers: 3
 Concurrent Refinement Workers: 10
 Periodic GC: Disabled

Heap:
 garbage-first heap   total reserved 4118528K, committed 83968K, used 47313K [0x0000000704a00000, 0x0000000800000000)
  region size 2048K, 11 young (22528K), 3 survivors (6144K)

Heap Regions: E=young(eden), S=young(survivor), O=old, HS=humongous(starts), HC=humongous(continues), CS=collection set, F=free, TAMS=top-at-mark-start, PB=parsable bottom
|   0|0x0000000704a00000, 0x0000000704c00000, 0x0000000704c00000|100%| O|  |TAMS 0x0000000704a00000| PB 0x0000000704a00000| Untracked |  0
|   1|0x0000000704c00000, 0x0000000704e00000, 0x0000000704e00000|100%| O|  |TAMS 0x0000000704c00000| PB 0x0000000704c00000| Untracked |  0
|   2|0x0000000704e00000, 0x0000000705000000, 0x0000000705000000|100%| O|  |TAMS 0x0000000704e00000| PB 0x0000000704e00000| Untracked |  0
|   3|0x0000000705000000, 0x0000000705000000, 0x0000000705200000|  0%| F|  |TAMS 0x0000000705000000| PB 0x0000000705000000| Untracked |  0
|   4|0x0000000705200000, 0x0000000705400000, 0x0000000705400000|100%| O|  |TAMS 0x0000000705200000| PB 0x0000000705200000| Untracked |  0
|   5|0x0000000705400000, 0x0000000705600000, 0x0000000705600000|100%| O|  |TAMS 0x0000000705400000| PB 0x0000000705400000| Untracked |  0
|   6|0x0000000705600000, 0x0000000705800000, 0x0000000705800000|100%| O|  |TAMS 0x0000000705600000| PB 0x0000000705600000| Untracked |  0
|   7|0x0000000705800000, 0x0000000705a00000, 0x0000000705a00000|100%| O|  |TAMS 0x0000000705800000| PB 0x0000000705800000| Untracked |  0
|   8|0x0000000705a00000, 0x0000000705c00000, 0x0000000705c00000|100%| O|Cm|TAMS 0x0000000705a00000| PB 0x0000000705a00000| Complete |  0
|   9|0x0000000705c00000, 0x0000000705e00000, 0x0000000705e00000|100%| O|  |TAMS 0x0000000705c00000| PB 0x0000000705c00000| Untracked |  0
|  10|0x0000000705e00000, 0x0000000706000000, 0x0000000706000000|100%| O|  |TAMS 0x0000000705e00000| PB 0x0000000705e00000| Untracked |  0
|  11|0x0000000706000000, 0x0000000706200000, 0x0000000706200000|100%| O|  |TAMS 0x0000000706000000| PB 0x0000000706000000| Untracked |  0
|  12|0x0000000706200000, 0x0000000706400000, 0x0000000706400000|100%| O|  |TAMS 0x0000000706200000| PB 0x0000000706200000| Untracked |  0
|  13|0x0000000706400000, 0x0000000706400000, 0x0000000706600000|  0%| F|  |TAMS 0x0000000706400000| PB 0x0000000706400000| Untracked |  0
|  14|0x0000000706600000, 0x000000070660dd28, 0x0000000706800000|  2%| S|CS|TAMS 0x0000000706600000| PB 0x0000000706600000| Complete |  0
|  15|0x0000000706800000, 0x0000000706a00000, 0x0000000706a00000|100%| O|  |TAMS 0x0000000706800000| PB 0x0000000706800000| Untracked |  0
|  16|0x0000000706a00000, 0x0000000706c00000, 0x0000000706c00000|100%| O|  |TAMS 0x0000000706a00000| PB 0x0000000706a00000| Untracked |  0
|  17|0x0000000706c00000, 0x0000000706c00000, 0x0000000706e00000|  0%| F|  |TAMS 0x0000000706c00000| PB 0x0000000706c00000| Untracked |  0
|  18|0x0000000706e00000, 0x0000000706e00000, 0x0000000707000000|  0%| F|  |TAMS 0x0000000706e00000| PB 0x0000000706e00000| Untracked |  0
|  19|0x0000000707000000, 0x0000000707200000, 0x0000000707200000|100%| S|CS|TAMS 0x0000000707000000| PB 0x0000000707000000| Complete |  0
|  20|0x0000000707200000, 0x0000000707400000, 0x0000000707400000|100%| S|CS|TAMS 0x0000000707200000| PB 0x0000000707200000| Complete |  0
|  21|0x0000000707400000, 0x0000000707400000, 0x0000000707600000|  0%| F|  |TAMS 0x0000000707400000| PB 0x0000000707400000| Untracked |  0
|  22|0x0000000707600000, 0x0000000707600000, 0x0000000707800000|  0%| F|  |TAMS 0x0000000707600000| PB 0x0000000707600000| Untracked |  0
|  23|0x0000000707800000, 0x0000000707800000, 0x0000000707a00000|  0%| F|  |TAMS 0x0000000707800000| PB 0x0000000707800000| Untracked |  0
|  24|0x0000000707a00000, 0x0000000707a00000, 0x0000000707c00000|  0%| F|  |TAMS 0x0000000707a00000| PB 0x0000000707a00000| Untracked |  0
|  25|0x0000000707c00000, 0x0000000707c00000, 0x0000000707e00000|  0%| F|  |TAMS 0x0000000707c00000| PB 0x0000000707c00000| Untracked |  0
|  26|0x0000000707e00000, 0x0000000707e00000, 0x0000000708000000|  0%| F|  |TAMS 0x0000000707e00000| PB 0x0000000707e00000| Untracked |  0
|  27|0x0000000708000000, 0x0000000708000000, 0x0000000708200000|  0%| F|  |TAMS 0x0000000708000000| PB 0x0000000708000000| Untracked |  0
|  28|0x0000000708200000, 0x0000000708200000, 0x0000000708400000|  0%| F|  |TAMS 0x0000000708200000| PB 0x0000000708200000| Untracked |  0
|  29|0x0000000708400000, 0x0000000708400000, 0x0000000708600000|  0%| F|  |TAMS 0x0000000708400000| PB 0x0000000708400000| Untracked |  0
|  30|0x0000000708600000, 0x0000000708600000, 0x0000000708800000|  0%| F|  |TAMS 0x0000000708600000| PB 0x0000000708600000| Untracked |  0
|  31|0x0000000708800000, 0x0000000708800000, 0x0000000708a00000|  0%| F|  |TAMS 0x0000000708800000| PB 0x0000000708800000| Untracked |  0
|  32|0x0000000708a00000, 0x0000000708ab98c0, 0x0000000708c00000| 36%| E|  |TAMS 0x0000000708a00000| PB 0x0000000708a00000| Complete |  0
| 104|0x0000000711a00000, 0x0000000711c00000, 0x0000000711c00000|100%| E|CS|TAMS 0x0000000711a00000| PB 0x0000000711a00000| Complete |  0
| 105|0x0000000711c00000, 0x0000000711e00000, 0x0000000711e00000|100%| E|CS|TAMS 0x0000000711c00000| PB 0x0000000711c00000| Complete |  0
| 106|0x0000000711e00000, 0x0000000712000000, 0x0000000712000000|100%| E|CS|TAMS 0x0000000711e00000| PB 0x0000000711e00000| Complete |  0
| 107|0x0000000712000000, 0x0000000712200000, 0x0000000712200000|100%| E|CS|TAMS 0x0000000712000000| PB 0x0000000712000000| Complete |  0
| 108|0x0000000712200000, 0x0000000712400000, 0x0000000712400000|100%| E|CS|TAMS 0x0000000712200000| PB 0x0000000712200000| Complete |  0
| 125|0x0000000714400000, 0x0000000714600000, 0x0000000714600000|100%| E|CS|TAMS 0x0000000714400000| PB 0x0000000714400000| Complete |  0
|2009|0x00000007ffc00000, 0x00000007ffc26940, 0x00000007ffe00000|  7%| O|  |TAMS 0x00000007ffc00000| PB 0x00000007ffc00000| Untracked |  0
|2010|0x00000007ffe00000, 0x0000000800000000, 0x0000000800000000|100%| E|CS|TAMS 0x00000007ffe00000| PB 0x00000007ffe00000| Complete |  0

Card table byte_map: [0x000001f1d1ca0000,0x000001f1d2480000] _byte_map_base: 0x000001f1ce47b000

Marking Bits: (CMBitMap*) 0x000001f1b93ea540
 Bits: [0x000001f1d2480000, 0x000001f1d6358000)

Polling page: 0x000001f1b7200000

Metaspace:
Metaspace        used 77440K, committed 77888K, reserved 1179648K
 class space     used 8396K, committed 8576K, reserved 1048576K

Usage:
  Non-class:     67.43 MB used.
      Class:      8.20 MB used.
       Both:     75.63 MB used.

Virtual space:
  Non-class space:      128.00 MB reserved,      67.69 MB ( 53%) committed,  2 nodes.
      Class space:        1.00 GB reserved,       8.38 MB ( <1%) committed,  1 nodes.
             Both:        1.12 GB reserved,      76.06 MB (  7%) committed. 

Chunk freelists:
   Non-Class:  11.77 MB
       Class:  7.64 MB
        Both:  19.41 MB

MaxMetaspaceSize: unlimited
CompressedClassSpaceSize: 1.00 GB
Initial GC threshold: 21.00 MB
Current GC threshold: 120.31 MB
CDS: on
 - commit_granule_bytes: 65536.
 - commit_granule_words: 8192.
 - virtual_space_node_default_size: 8388608.
 - enlarge_chunks_in_place: 1.
UseCompressedClassPointers 1, UseCompactObjectHeaders 0
Narrow klass pointer bits 32, Max shift 3
Narrow klass base: 0x000000001b000000, Narrow klass shift: 0
Encoding Range: [0x000000001b000000 - 0x000000011b000000), (4294967296 bytes)
Klass Range:    [0x000000001b010000 - 0x000000005c000000), (1090453504 bytes)
Klass ID Range:  [65536 - 1090519033) (1090453497)
Protection zone: [0x000000001b000000 - 0x000000001b010000), (65536 bytes)


Internal statistics:

num_allocs_failed_limit: 9.
num_arena_births: 602.
num_arena_deaths: 0.
num_vsnodes_births: 3.
num_vsnodes_deaths: 0.
num_space_committed: 1217.
num_space_uncommitted: 0.
num_chunks_returned_to_freelist: 9.
num_chunks_taken_from_freelist: 3092.
num_chunk_merges: 9.
num_chunk_splits: 2309.
num_chunks_enlarged: 1940.
num_inconsistent_stats: 0.

CodeHeap 'non-profiled nmethods': size=120064Kb used=3295Kb max_used=3467Kb free=116768Kb
 bounds [0x000001f1c9920000, 0x000001f1c9c90000, 0x000001f1d0e60000]
CodeHeap 'profiled nmethods': size=120000Kb used=10121Kb max_used=10121Kb free=109878Kb
 bounds [0x000001f1c1e60000, 0x000001f1c2850000, 0x000001f1c9390000]
CodeHeap 'non-nmethods': size=5696Kb used=1674Kb max_used=1804Kb free=4021Kb
 bounds [0x000001f1c9390000, 0x000001f1c9600000, 0x000001f1c9920000]
CodeCache: size=245760Kb, used=15090Kb, max_used=15392Kb, free=230667Kb
 total_blobs=7255, nmethods=6523, adapters=632, full_count=0
Compilation: enabled, stopped_count=0, restarted_count=0

Compilation events (20 events):
Event: 7.588 Thread 0x000001f1d89ef000 7514       3       java.lang.invoke.BoundMethodHandle::speciesDataFor (34 bytes)
Event: 7.588 Thread 0x000001f1d89ef000 nmethod 7514 0x000001f1c283b708 code [0x000001f1c283b800, 0x000001f1c283bbb8]
Event: 7.589 Thread 0x000001f1d89ef000 7515       3       java.lang.invoke.LambdaFormBuffer::insertExpression (30 bytes)
Event: 7.590 Thread 0x000001f1d89ef000 nmethod 7515 0x000001f1c283bc08 code [0x000001f1c283bd00, 0x000001f1c283be70]
Event: 7.590 Thread 0x000001f1d89ef000 7516       3       java.lang.invoke.LambdaForm$NamedFunction::<init> (15 bytes)
Event: 7.590 Thread 0x000001f1d89ef000 nmethod 7516 0x000001f1c283bf08 code [0x000001f1c283c000, 0x000001f1c283c230]
Event: 7.593 Thread 0x000001f1d89ef000 7517       1       org.springframework.beans.factory.config.SmartInstantiationAwareBeanPostProcessor::determineCandidateConstructors (2 bytes)
Event: 7.593 Thread 0x000001f1d89ef000 nmethod 7517 0x000001f1c9b1d508 code [0x000001f1c9b1d600, 0x000001f1c9b1d6d0]
Event: 7.604 Thread 0x000001f1d89ef000 7518       3       org.springframework.aop.aspectj.autoproxy.AspectJAwareAdvisorAutoProxyCreator::shouldSkip (74 bytes)
Event: 7.605 Thread 0x000001f1d89ef000 nmethod 7518 0x000001f1c283c288 code [0x000001f1c283c380, 0x000001f1c283cd90]
Event: 7.605 Thread 0x000001f1d89ef000 7520       3       org.springframework.aop.support.ClassFilters$IntersectionClassFilter::matches (44 bytes)
Event: 7.605 Thread 0x000001f1d89ef000 nmethod 7520 0x000001f1c283ce08 code [0x000001f1c283cf00, 0x000001f1c283d220]
Event: 7.605 Thread 0x000001f1d89ef000 7519       3       org.springframework.aop.framework.autoproxy.AbstractAutoProxyCreator::shouldSkip (6 bytes)
Event: 7.605 Thread 0x000001f1d89ef000 nmethod 7519 0x000001f1c283d288 code [0x000001f1c283d380, 0x000001f1c283d4d0]
Event: 7.607 Thread 0x000001f1d89ef000 7521       3       org.springframework.core.annotation.TypeMappedAnnotations$IsPresent::doWithAnnotations (183 bytes)
Event: 7.608 Thread 0x000001f1d89ef000 nmethod 7521 0x000001f1c283d588 code [0x000001f1c283d680, 0x000001f1c283eb10]
Event: 7.610 Thread 0x000001f1d89ef000 7523       3       java.lang.ref.Reference::clearImpl (5 bytes)
Event: 7.611 Thread 0x000001f1d89ef000 nmethod 7523 0x000001f1c283eb88 code [0x000001f1c283ec80, 0x000001f1c283edc0]
Event: 7.611 Thread 0x000001f1d89ef000 7524       1       org.springframework.aop.support.DefaultPointcutAdvisor::getPointcut (5 bytes)
Event: 7.611 Thread 0x000001f1d89ef000 nmethod 7524 0x000001f1c9b1d208 code [0x000001f1c9b1d300, 0x000001f1c9b1d3c8]

GC Heap Usage History (20 events):
Event: 3.421 {heap Before GC invocations=5 (full 0):
 garbage-first heap   total reserved 4118528K, committed 67584K, used 43994K [0x0000000704a00000, 0x0000000800000000)
  region size 2048K, 16 young (32768K), 2 survivors (4096K)
}
Event: 3.424 {heap After GC invocations=6 (full 0):
 garbage-first heap   total reserved 4118528K, committed 67584K, used 19554K [0x0000000704a00000, 0x0000000800000000)
  region size 2048K, 2 young (4096K), 2 survivors (4096K)
}
Event: 4.084 {heap Before GC invocations=7 (full 0):
 garbage-first heap   total reserved 4118528K, committed 67584K, used 48226K [0x0000000704a00000, 0x0000000800000000)
  region size 2048K, 17 young (34816K), 2 survivors (4096K)
}
Event: 4.089 {heap After GC invocations=8 (full 0):
 garbage-first heap   total reserved 4118528K, committed 67584K, used 21935K [0x0000000704a00000, 0x0000000800000000)
  region size 2048K, 3 young (6144K), 3 survivors (6144K)
}
Event: 4.673 {heap Before GC invocations=8 (full 0):
 garbage-first heap   total reserved 4118528K, committed 67584K, used 50607K [0x0000000704a00000, 0x0000000800000000)
  region size 2048K, 17 young (34816K), 3 survivors (6144K)
}
Event: 4.677 {heap After GC invocations=9 (full 0):
 garbage-first heap   total reserved 4118528K, committed 67584K, used 23584K [0x0000000704a00000, 0x0000000800000000)
  region size 2048K, 2 young (4096K), 2 survivors (4096K)
}
Event: 5.509 {heap Before GC invocations=9 (full 0):
 garbage-first heap   total reserved 4118528K, committed 67584K, used 52256K [0x0000000704a00000, 0x0000000800000000)
  region size 2048K, 17 young (34816K), 2 survivors (4096K)
}
Event: 5.513 {heap After GC invocations=10 (full 0):
 garbage-first heap   total reserved 4118528K, committed 67584K, used 25412K [0x0000000704a00000, 0x0000000800000000)
  region size 2048K, 2 young (4096K), 2 survivors (4096K)
}
Event: 5.849 {heap Before GC invocations=10 (full 0):
 garbage-first heap   total reserved 4118528K, committed 67584K, used 47940K [0x0000000704a00000, 0x0000000800000000)
  region size 2048K, 14 young (28672K), 2 survivors (4096K)
}
Event: 5.853 {heap After GC invocations=11 (full 0):
 garbage-first heap   total reserved 4118528K, committed 67584K, used 26886K [0x0000000704a00000, 0x0000000800000000)
  region size 2048K, 2 young (4096K), 2 survivors (4096K)
}
Event: 6.381 {heap Before GC invocations=12 (full 0):
 garbage-first heap   total reserved 4118528K, committed 67584K, used 57606K [0x0000000704a00000, 0x0000000800000000)
  region size 2048K, 17 young (34816K), 2 survivors (4096K)
}
Event: 6.385 {heap After GC invocations=13 (full 0):
 garbage-first heap   total reserved 4118528K, committed 67584K, used 28019K [0x0000000704a00000, 0x0000000800000000)
  region size 2048K, 3 young (6144K), 3 survivors (6144K)
}
Event: 6.786 {heap Before GC invocations=13 (full 0):
 garbage-first heap   total reserved 4118528K, committed 67584K, used 56691K [0x0000000704a00000, 0x0000000800000000)
  region size 2048K, 17 young (34816K), 3 survivors (6144K)
}
Event: 6.790 {heap After GC invocations=14 (full 0):
 garbage-first heap   total reserved 4118528K, committed 67584K, used 28916K [0x0000000704a00000, 0x0000000800000000)
  region size 2048K, 2 young (4096K), 2 survivors (4096K)
}
Event: 6.967 {heap Before GC invocations=14 (full 0):
 garbage-first heap   total reserved 4118528K, committed 67584K, used 59636K [0x0000000704a00000, 0x0000000800000000)
  region size 2048K, 17 young (34816K), 2 survivors (4096K)
}
Event: 6.971 {heap After GC invocations=15 (full 0):
 garbage-first heap   total reserved 4118528K, committed 67584K, used 30776K [0x0000000704a00000, 0x0000000800000000)
  region size 2048K, 3 young (6144K), 3 survivors (6144K)
}
Event: 7.035 {heap Before GC invocations=15 (full 0):
 garbage-first heap   total reserved 4118528K, committed 67584K, used 59448K [0x0000000704a00000, 0x0000000800000000)
  region size 2048K, 17 young (34816K), 3 survivors (6144K)
}
Event: 7.039 {heap After GC invocations=16 (full 0):
 garbage-first heap   total reserved 4118528K, committed 83968K, used 31573K [0x0000000704a00000, 0x0000000800000000)
  region size 2048K, 2 young (4096K), 2 survivors (4096K)
}
Event: 7.411 {heap Before GC invocations=17 (full 0):
 garbage-first heap   total reserved 4118528K, committed 83968K, used 68437K [0x0000000704a00000, 0x0000000800000000)
  region size 2048K, 21 young (43008K), 2 survivors (4096K)
}
Event: 7.414 {heap After GC invocations=18 (full 0):
 garbage-first heap   total reserved 4118528K, committed 83968K, used 32977K [0x0000000704a00000, 0x0000000800000000)
  region size 2048K, 3 young (6144K), 3 survivors (6144K)
}

Metaspace Usage History (20 events):
Event: 3.421 {metaspace Before GC invocations=5 (full 0):
 Metaspace       used 35850K, committed 36160K, reserved 1114112K
  class space    used 3502K, committed 3648K, reserved 1048576K
}
Event: 3.424 {metaspace After GC invocations=6 (full 0):
 Metaspace       used 35850K, committed 36160K, reserved 1114112K
  class space    used 3502K, committed 3648K, reserved 1048576K
}
Event: 4.084 {metaspace Before GC invocations=7 (full 0):
 Metaspace       used 40007K, committed 40384K, reserved 1114112K
  class space    used 3979K, committed 4160K, reserved 1048576K
}
Event: 4.089 {metaspace After GC invocations=8 (full 0):
 Metaspace       used 40007K, committed 40384K, reserved 1114112K
  class space    used 3979K, committed 4160K, reserved 1048576K
}
Event: 4.673 {metaspace Before GC invocations=8 (full 0):
 Metaspace       used 45855K, committed 46272K, reserved 1114112K
  class space    used 4570K, committed 4736K, reserved 1048576K
}
Event: 4.677 {metaspace After GC invocations=9 (full 0):
 Metaspace       used 45855K, committed 46272K, reserved 1114112K
  class space    used 4570K, committed 4736K, reserved 1048576K
}
Event: 5.509 {metaspace Before GC invocations=9 (full 0):
 Metaspace       used 53639K, committed 54080K, reserved 1114112K
  class space    used 5314K, committed 5504K, reserved 1048576K
}
Event: 5.513 {metaspace After GC invocations=10 (full 0):
 Metaspace       used 53639K, committed 54080K, reserved 1114112K
  class space    used 5314K, committed 5504K, reserved 1048576K
}
Event: 5.849 {metaspace Before GC invocations=10 (full 0):
 Metaspace       used 60112K, committed 60480K, reserved 1114112K
  class space    used 5945K, committed 6144K, reserved 1048576K
}
Event: 5.853 {metaspace After GC invocations=11 (full 0):
 Metaspace       used 60112K, committed 60480K, reserved 1114112K
  class space    used 5945K, committed 6144K, reserved 1048576K
}
Event: 6.381 {metaspace Before GC invocations=12 (full 0):
 Metaspace       used 66040K, committed 66496K, reserved 1114112K
  class space    used 6720K, committed 6912K, reserved 1048576K
}
Event: 6.385 {metaspace After GC invocations=13 (full 0):
 Metaspace       used 66040K, committed 66496K, reserved 1114112K
  class space    used 6720K, committed 6912K, reserved 1048576K
}
Event: 6.786 {metaspace Before GC invocations=13 (full 0):
 Metaspace       used 71127K, committed 71616K, reserved 1114112K
  class space    used 7409K, committed 7616K, reserved 1048576K
}
Event: 6.790 {metaspace After GC invocations=14 (full 0):
 Metaspace       used 71127K, committed 71616K, reserved 1114112K
  class space    used 7409K, committed 7616K, reserved 1048576K
}
Event: 6.967 {metaspace Before GC invocations=14 (full 0):
 Metaspace       used 73281K, committed 73728K, reserved 1179648K
  class space    used 7798K, committed 8000K, reserved 1048576K
}
Event: 6.971 {metaspace After GC invocations=15 (full 0):
 Metaspace       used 73281K, committed 73728K, reserved 1179648K
  class space    used 7798K, committed 8000K, reserved 1048576K
}
Event: 7.035 {metaspace Before GC invocations=15 (full 0):
 Metaspace       used 73494K, committed 73920K, reserved 1179648K
  class space    used 7851K, committed 8000K, reserved 1048576K
}
Event: 7.039 {metaspace After GC invocations=16 (full 0):
 Metaspace       used 73494K, committed 73920K, reserved 1179648K
  class space    used 7851K, committed 8000K, reserved 1048576K
}
Event: 7.411 {metaspace Before GC invocations=17 (full 0):
 Metaspace       used 76162K, committed 76608K, reserved 1179648K
  class space    used 8241K, committed 8448K, reserved 1048576K
}
Event: 7.414 {metaspace After GC invocations=18 (full 0):
 Metaspace       used 76162K, committed 76608K, reserved 1179648K
  class space    used 8241K, committed 8448K, reserved 1048576K
}

Dll operation events (12 events):
Event: 0.023 Loaded shared library C:\Program Files\Eclipse Adoptium\jdk-25.0.0.36-hotspot\bin\java.dll
Event: 0.025 Loaded shared library C:\Program Files\Eclipse Adoptium\jdk-25.0.0.36-hotspot\bin\zip.dll
Event: 0.194 Loaded shared library C:\Program Files\Eclipse Adoptium\jdk-25.0.0.36-hotspot\bin\instrument.dll
Event: 0.222 Loaded shared library C:\Program Files\Eclipse Adoptium\jdk-25.0.0.36-hotspot\bin\verify.dll
Event: 0.322 Loaded shared library C:\Program Files\Eclipse Adoptium\jdk-25.0.0.36-hotspot\bin\net.dll
Event: 0.325 Loaded shared library C:\Program Files\Eclipse Adoptium\jdk-25.0.0.36-hotspot\bin\nio.dll
Event: 0.358 Loaded shared library C:\Program Files\Eclipse Adoptium\jdk-25.0.0.36-hotspot\bin\zip.dll
Event: 0.555 Loaded shared library C:\Program Files\Eclipse Adoptium\jdk-25.0.0.36-hotspot\bin\jimage.dll
Event: 0.969 Loaded shared library C:\Program Files\Eclipse Adoptium\jdk-25.0.0.36-hotspot\bin\management.dll
Event: 0.972 Loaded shared library C:\Program Files\Eclipse Adoptium\jdk-25.0.0.36-hotspot\bin\management_ext.dll
Event: 2.299 Loaded shared library C:\Program Files\Eclipse Adoptium\jdk-25.0.0.36-hotspot\bin\sunmscapi.dll
Event: 4.921 Loaded shared library C:\Program Files\Eclipse Adoptium\jdk-25.0.0.36-hotspot\bin\extnet.dll

Deoptimization events (20 events):
Event: 7.580 Thread 0x000001f1de5ffb80 DEOPT PACKING pc=0x000001f1c22ab22c sp=0x0000005a1e1fa8b0
Event: 7.580 Thread 0x000001f1de5ffb80 DEOPT UNPACKING pc=0x000001f1c93e1702 sp=0x0000005a1e1f9de0 mode 1
Event: 7.580 Thread 0x000001f1de5ffb80 DEOPT PACKING pc=0x000001f1c9ae1cc4 sp=0x0000005a1e1f9fa0
Event: 7.580 Thread 0x000001f1de5ffb80 DEOPT UNPACKING pc=0x000001f1c93e1702 sp=0x0000005a1e1f9428 mode 1
Event: 7.580 Thread 0x000001f1de5ffb80 DEOPT PACKING pc=0x000001f1c22ab22c sp=0x0000005a1e1fa8b0
Event: 7.580 Thread 0x000001f1de5ffb80 DEOPT UNPACKING pc=0x000001f1c93e1702 sp=0x0000005a1e1f9de0 mode 1
Event: 7.587 Thread 0x000001f1de5ffb80 DEOPT PACKING pc=0x000001f1c255e303 sp=0x0000005a1e1fa4c0
Event: 7.587 Thread 0x000001f1de5ffb80 DEOPT UNPACKING pc=0x000001f1c93e1702 sp=0x0000005a1e1f9ae0 mode 0
Event: 7.604 Thread 0x000001f1de5ffb80 Uncommon trap: trap_request=0xffffffde fr.pc=0x000001f1c9c0c074 relative=0x0000000000000174
Event: 7.604 Thread 0x000001f1de5ffb80 Uncommon trap: reason=class_check action=maybe_recompile pc=0x000001f1c9c0c074 method=java.lang.reflect.Method.equals(Ljava/lang/Object;)Z @ 1 c2
Event: 7.604 Thread 0x000001f1de5ffb80 DEOPT PACKING pc=0x000001f1c9c0c074 sp=0x0000005a1e1fa590
Event: 7.604 Thread 0x000001f1de5ffb80 DEOPT UNPACKING pc=0x000001f1c94bf802 sp=0x0000005a1e1fa538 mode 2
Event: 7.604 Thread 0x000001f1de5ffb80 Uncommon trap: trap_request=0xffffffde fr.pc=0x000001f1c9c0c074 relative=0x0000000000000174
Event: 7.604 Thread 0x000001f1de5ffb80 Uncommon trap: reason=class_check action=maybe_recompile pc=0x000001f1c9c0c074 method=java.lang.reflect.Method.equals(Ljava/lang/Object;)Z @ 1 c2
Event: 7.604 Thread 0x000001f1de5ffb80 DEOPT PACKING pc=0x000001f1c9c0c074 sp=0x0000005a1e1fa590
Event: 7.604 Thread 0x000001f1de5ffb80 DEOPT UNPACKING pc=0x000001f1c94bf802 sp=0x0000005a1e1fa538 mode 2
Event: 7.606 Thread 0x000001f1de5ffb80 Uncommon trap: trap_request=0xffffff45 fr.pc=0x000001f1c9b00d14 relative=0x0000000000002114
Event: 7.606 Thread 0x000001f1de5ffb80 Uncommon trap: reason=unstable_if action=reinterpret pc=0x000001f1c9b00d14 method=org.springframework.core.annotation.TypeMappedAnnotations$IsPresent.doWithAnnotations(Ljava/lang/Object;ILjava/lang/Object;[Ljava/lang/annotation/Annotation;)Ljava/lang/Bool
Event: 7.606 Thread 0x000001f1de5ffb80 DEOPT PACKING pc=0x000001f1c9b00d14 sp=0x0000005a1e1faf10
Event: 7.606 Thread 0x000001f1de5ffb80 DEOPT UNPACKING pc=0x000001f1c94bf802 sp=0x0000005a1e1faf30 mode 2

Classes loaded (20 events):
Event: 7.612 Loading class org/springframework/web/accept/PathExtensionContentNegotiationStrategy
Event: 7.612 Loading class org/springframework/web/accept/PathExtensionContentNegotiationStrategy done
Event: 7.612 Loading class org/springframework/web/accept/AbstractMappingContentNegotiationStrategy
Event: 7.612 Loading class org/springframework/web/accept/AbstractMappingContentNegotiationStrategy done
Event: 7.612 Loading class org/springframework/web/accept/MappingMediaTypeFileExtensionResolver
Event: 7.612 Loading class org/springframework/web/accept/MappingMediaTypeFileExtensionResolver done
Event: 7.613 Loading class org/springframework/web/accept/ServletPathExtensionContentNegotiationStrategy
Event: 7.613 Loading class org/springframework/web/accept/ServletPathExtensionContentNegotiationStrategy done
Event: 7.613 Loading class org/springframework/web/servlet/config/annotation/ContentNegotiationConfigurer
Event: 7.613 Loading class org/springframework/web/servlet/config/annotation/ContentNegotiationConfigurer done
Event: 7.613 Loading class org/springframework/http/MediaType
Event: 7.613 Loading class org/springframework/http/MediaType done
Event: 7.614 Loading class org/springframework/http/MediaType
Event: 7.614 Loading class org/springframework/http/MediaType done
Event: 7.614 Loading class org/springframework/web/accept/ContentNegotiationManagerFactoryBean
Event: 7.614 Loading class org/springframework/web/accept/ContentNegotiationManagerFactoryBean done
Event: 7.614 Loading class org/springframework/http/MediaType
Event: 7.614 Loading class org/springframework/http/MediaType done
Event: 7.614 Loading class org/springframework/http/MediaType
Event: 7.614 Loading class org/springframework/http/MediaType done

Classes unloaded (0 events):
No events

Classes redefined (1 events):
Event: 0.247 Thread 0x000001f1d89a6770 redefined class name=java.lang.Throwable, count=1

Internal exceptions (20 events):
Event: 6.230 Thread 0x000001f1de5ffb80 Exception <a 'java/io/IOException'{0x0000000706c9a418}> (0x0000000706c9a418) 
thrown [s\src\hotspot\share\prims\jni.cpp, line 516]
Event: 6.232 Thread 0x000001f1de5ffb80 Exception <a 'java/io/IOException'{0x0000000706cb8838}> (0x0000000706cb8838) 
thrown [s\src\hotspot\share\prims\jni.cpp, line 516]
Event: 6.380 Thread 0x000001f1de5ffb80 Exception <a 'java/lang/NoSuchMethodError'{0x0000000706bd1130}: 'java.lang.Object java.lang.invoke.DirectMethodHandle$Holder.invokeSpecial(java.lang.Object, java.lang.Object, int, java.lang.Object, int)'> (0x0000000706bd1130) 
thrown [s\src\hotspot\share\interpreter\linkResolver.cpp, line 804]
Event: 6.380 Thread 0x000001f1de5ffb80 Exception <a 'java/lang/NoSuchMethodError'{0x0000000706bda3e8}: 'java.lang.Object java.lang.invoke.DirectMethodHandle$Holder.invokeSpecial(java.lang.Object, java.lang.Object, java.lang.Object, int, java.lang.Object, int)'> (0x0000000706bda3e8) 
thrown [s\src\hotspot\share\interpreter\linkResolver.cpp, line 804]
Event: 6.380 Thread 0x000001f1de5ffb80 Exception <a 'java/lang/NoSuchMethodError'{0x0000000706be3138}: 'java.lang.Object java.lang.invoke.DelegatingMethodHandle$Holder.reinvoke_L(java.lang.Object, java.lang.Object, int, java.lang.Object, int)'> (0x0000000706be3138) 
thrown [s\src\hotspot\share\interpreter\linkResolver.cpp, line 804]
Event: 6.431 Thread 0x000001f1de5ffb80 Implicit null exception at 0x000001f1c9b4d320 to 0x000001f1c9b4ed40
Event: 6.438 Thread 0x000001f1de5ffb80 Exception <a 'java/lang/IncompatibleClassChangeError'{0x000000071230ae28}: Found class java.lang.Object, but interface was expected> (0x000000071230ae28) 
thrown [s\src\hotspot\share\interpreter\linkResolver.cpp, line 871]
Event: 6.475 Thread 0x000001f1de5ffb80 Implicit null exception at 0x000001f1c9a7d92f to 0x000001f1c9a7dc88
Event: 6.496 Thread 0x000001f1de5ffb80 Exception <a 'java/lang/IncompatibleClassChangeError'{0x00000007121441e0}: Found class java.lang.Object, but interface was expected> (0x00000007121441e0) 
thrown [s\src\hotspot\share\interpreter\linkResolver.cpp, line 871]
Event: 6.597 Thread 0x000001f1de5ffb80 Exception <a 'java/lang/IncompatibleClassChangeError'{0x0000000711bdeea8}: Found class java.lang.Object, but interface was expected> (0x0000000711bdeea8) 
thrown [s\src\hotspot\share\interpreter\linkResolver.cpp, line 871]
Event: 6.633 Thread 0x000001f1de5ffb80 Exception <a 'java/lang/IncompatibleClassChangeError'{0x0000000707a54108}: Found class java.lang.Object, but interface was expected> (0x0000000707a54108) 
thrown [s\src\hotspot\share\interpreter\linkResolver.cpp, line 871]
Event: 6.690 Thread 0x000001f1de5ffb80 Exception <a 'java/lang/IncompatibleClassChangeError'{0x00000007076c6cd8}: Found class java.lang.Object, but interface was expected> (0x00000007076c6cd8) 
thrown [s\src\hotspot\share\interpreter\linkResolver.cpp, line 871]
Event: 6.723 Thread 0x000001f1de5ffb80 Exception <a 'java/io/IOException'{0x0000000707490d30}> (0x0000000707490d30) 
thrown [s\src\hotspot\share\prims\jni.cpp, line 516]
Event: 7.135 Thread 0x000001f1de5ffb80 Exception <a 'java/lang/NoSuchMethodError'{0x0000000711b7db38}: 'java.lang.Object java.lang.invoke.DirectMethodHandle$Holder.invokeStatic(java.lang.Object, int, java.lang.Object)'> (0x0000000711b7db38) 
thrown [s\src\hotspot\share\interpreter\linkResolver.cpp, line 804]
Event: 7.165 Thread 0x000001f1de5ffb80 Exception <a 'java/lang/NoSuchMethodError'{0x000000070898fed8}: 'void java.lang.invoke.Invokers$Holder.invokeExact_MT(java.lang.Object, java.lang.Object, java.lang.Object, java.lang.Object)'> (0x000000070898fed8) 
thrown [s\src\hotspot\share\interpreter\linkResolver.cpp, line 804]
Event: 7.213 Thread 0x000001f1de5ffb80 Exception <a 'java/lang/NoSuchMethodError'{0x00000007087ef880}: 'long java.lang.invoke.DirectMethodHandle$Holder.invokeVirtual(java.lang.Object, java.lang.Object)'> (0x00000007087ef880) 
thrown [s\src\hotspot\share\interpreter\linkResolver.cpp, line 804]
Event: 7.218 Thread 0x000001f1de5ffb80 Exception <a 'java/io/FileNotFoundException'{0x0000000708427e20}> (0x0000000708427e20) 
thrown [s\src\hotspot\share\prims\jni.cpp, line 516]
Event: 7.249 Thread 0x000001f1de5ffb80 Exception <a 'java/lang/NoSuchMethodError'{0x0000000708213560}: 'void java.lang.invoke.DirectMethodHandle$Holder.invokeVirtual(java.lang.Object, java.lang.Object, long)'> (0x0000000708213560) 
thrown [s\src\hotspot\share\interpreter\linkResolver.cpp, line 804]
Event: 7.357 Thread 0x000001f1de5ffb80 Exception <a 'java/lang/NoSuchMethodError'{0x000000070767e168}: 'int java.lang.invoke.DirectMethodHandle$Holder.invokeStaticInit(java.lang.Object, int, java.lang.Object, java.lang.Object, java.lang.Object, java.lang.Object)'> (0x000000070767e168) 
thrown [s\src\hotspot\share\interpreter\linkResolver.cpp, line 804]
Event: 7.588 Thread 0x000001f1de5ffb80 Exception <a 'java/lang/NoSuchMethodError'{0x0000000711f2a510}: 'java.lang.Object java.lang.invoke.DirectMethodHandle$Holder.newInvokeSpecial(java.lang.Object, java.lang.Object, java.lang.Object, java.lang.Object, java.lang.Object, java.lang.Object, java.lang.Object, java.lang.Object)'> (0x0000000711f2a510) 
thrown [s\src\hotspot\share\interpreter\linkResolver.cpp, line 804]

VM Operations (20 events):
Event: 6.786 Executing safepoint VM operation: G1CollectForAllocation (G1 Evacuation Pause)
Event: 6.790 Executing safepoint VM operation: G1CollectForAllocation (G1 Evacuation Pause) done
Event: 6.802 Executing non-safepoint VM operation: HandshakeAllThreads (Deoptimize)
Event: 6.802 Executing non-safepoint VM operation: HandshakeAllThreads (Deoptimize) done
Event: 6.873 Executing non-safepoint VM operation: HandshakeAllThreads (Deoptimize)
Event: 6.873 Executing non-safepoint VM operation: HandshakeAllThreads (Deoptimize) done
Event: 6.967 Executing safepoint VM operation: G1CollectForAllocation (G1 Evacuation Pause)
Event: 6.971 Executing safepoint VM operation: G1CollectForAllocation (G1 Evacuation Pause) done
Event: 7.035 Executing safepoint VM operation: G1CollectForAllocation (G1 Evacuation Pause)
Event: 7.039 Executing safepoint VM operation: G1CollectForAllocation (G1 Evacuation Pause) done
Event: 7.055 Executing safepoint VM operation: G1PauseRemark
Event: 7.059 Executing safepoint VM operation: G1PauseRemark done
Event: 7.065 Executing safepoint VM operation: G1PauseCleanup
Event: 7.065 Executing safepoint VM operation: G1PauseCleanup done
Event: 7.175 Executing non-safepoint VM operation: HandshakeAllThreads (Deoptimize)
Event: 7.175 Executing non-safepoint VM operation: HandshakeAllThreads (Deoptimize) done
Event: 7.222 Executing non-safepoint VM operation: HandshakeAllThreads (Deoptimize)
Event: 7.222 Executing non-safepoint VM operation: HandshakeAllThreads (Deoptimize) done
Event: 7.411 Executing safepoint VM operation: G1CollectForAllocation (G1 Evacuation Pause)
Event: 7.414 Executing safepoint VM operation: G1CollectForAllocation (G1 Evacuation Pause) done

Memory protections (0 events):
No events

Nmethod flushes (20 events):
Event: 7.058 Thread 0x000001f1d89a6770 flushing  nmethod 0x000001f1c246d208
Event: 7.058 Thread 0x000001f1d89a6770 flushing  nmethod 0x000001f1c24a2488
Event: 7.058 Thread 0x000001f1d89a6770 flushing  nmethod 0x000001f1c24e6308
Event: 7.058 Thread 0x000001f1d89a6770 flushing  nmethod 0x000001f1c24e9e88
Event: 7.058 Thread 0x000001f1d89a6770 flushing  nmethod 0x000001f1c24fc608
Event: 7.058 Thread 0x000001f1d89a6770 flushing  nmethod 0x000001f1c2550908
Event: 7.058 Thread 0x000001f1d89a6770 flushing  nmethod 0x000001f1c2645108
Event: 7.058 Thread 0x000001f1d89a6770 flushing  nmethod 0x000001f1c2646e08
Event: 7.058 Thread 0x000001f1d89a6770 flushing  nmethod 0x000001f1c264ad88
Event: 7.058 Thread 0x000001f1d89a6770 flushing  nmethod 0x000001f1c26f8a88
Event: 7.058 Thread 0x000001f1d89a6770 flushing  nmethod 0x000001f1c26f9f08
Event: 7.058 Thread 0x000001f1d89a6770 flushing  nmethod 0x000001f1c26fba88
Event: 7.058 Thread 0x000001f1d89a6770 flushing  nmethod 0x000001f1c26fc008
Event: 7.058 Thread 0x000001f1d89a6770 flushing  nmethod 0x000001f1c26fce88
Event: 7.058 Thread 0x000001f1d89a6770 flushing  nmethod 0x000001f1c26fe008
Event: 7.058 Thread 0x000001f1d89a6770 flushing  nmethod 0x000001f1c26fe308
Event: 7.058 Thread 0x000001f1d89a6770 flushing  nmethod 0x000001f1c26ff508
Event: 7.058 Thread 0x000001f1d89a6770 flushing  nmethod 0x000001f1c2700b08
Event: 7.058 Thread 0x000001f1d89a6770 flushing  nmethod 0x000001f1c2763e08
Event: 7.058 Thread 0x000001f1d89a6770 flushing  nmethod 0x000001f1c2769908

Events (20 events):
Event: 0.388 Thread 0x000001f1d89c1c60 Thread added: 0x000001f1d910be90
Event: 1.041 Thread 0x000001f1b937fdf0 Thread added: 0x000001f1de5fdc40
Event: 1.046 Thread 0x000001f1de5fdc40 Thread added: 0x000001f1de5ffb80
Event: 1.544 Thread 0x000001f1de5ffb80 Thread added: 0x000001f1deaf1460
Event: 2.022 Thread 0x000001f1de5ffb80 Thread added: 0x000001f1deeb3bf0
Event: 2.112 Thread 0x000001f1deeb3bf0 Thread exited: 0x000001f1deeb3bf0
Event: 2.147 Thread 0x000001f1d89ef000 Thread added: 0x000001f1df46b380
Event: 2.305 Thread 0x000001f1deaf1460 Thread exited: 0x000001f1deaf1460
Event: 4.929 Thread 0x000001f1df46b380 Thread exited: 0x000001f1df46b380
Event: 5.022 Thread 0x000001f1d89ef000 Thread added: 0x000001f1e4520d40
Event: 5.085 Thread 0x000001f1de5ffb80 Thread added: 0x000001f1e45c2750
Event: 5.103 Thread 0x000001f1de5ffb80 Thread added: 0x000001f1e472a360
Event: 5.208 Thread 0x000001f1e472a360 Thread added: 0x000001f1e67713d0
Event: 5.811 Thread 0x000001f1e4520d40 Thread exited: 0x000001f1e4520d40
Event: 6.418 Thread 0x000001f1d89ef000 Thread added: 0x000001f1e02ce8f0
Event: 6.798 Thread 0x000001f1e02ce8f0 Thread exited: 0x000001f1e02ce8f0
Event: 6.831 Thread 0x000001f1d89ef000 Thread added: 0x000001f1e02ce8f0
Event: 7.227 Thread 0x000001f1de5ffb80 Thread added: 0x000001f1e6e0ed30
Event: 7.229 Thread 0x000001f1e6e0ed30 Thread added: 0x000001f1e6e0f500
Event: 7.234 Thread 0x000001f1de5ffb80 Thread added: 0x000001f1e6e0cdf0


Dynamic libraries:
0x00007ff6dba70000 - 0x00007ff6dba7e000 	C:\Program Files\Eclipse Adoptium\jdk-25.0.0.36-hotspot\bin\java.exe
0x00007ff91ba20000 - 0x00007ff91bc88000 	C:\WINDOWS\SYSTEM32\ntdll.dll
0x00007ff919820000 - 0x00007ff9198e9000 	C:\WINDOWS\System32\KERNEL32.DLL
0x00007ff918cd0000 - 0x00007ff9190c8000 	C:\WINDOWS\System32\KERNELBASE.dll
0x00007ff919200000 - 0x00007ff91934b000 	C:\WINDOWS\System32\ucrtbase.dll
0x00007ff9071e0000 - 0x00007ff9071f6000 	C:\Program Files\Eclipse Adoptium\jdk-25.0.0.36-hotspot\bin\jli.dll
0x00007ff910290000 - 0x00007ff9102ae000 	C:\Program Files\Eclipse Adoptium\jdk-25.0.0.36-hotspot\bin\VCRUNTIME140.dll
0x00007ff91b2f0000 - 0x00007ff91b4b7000 	C:\WINDOWS\System32\USER32.dll
0x00007ff902630000 - 0x00007ff9028c4000 	C:\WINDOWS\WinSxS\amd64_microsoft.windows.common-controls_6595b64144ccf1df_6.0.26100.7019_none_3e06ffa0e335b8a8\COMCTL32.dll
0x00007ff919610000 - 0x00007ff919637000 	C:\WINDOWS\System32\win32u.dll
0x00007ff91b0a0000 - 0x00007ff91b149000 	C:\WINDOWS\System32\msvcrt.dll
0x00007ff91ac60000 - 0x00007ff91ac8b000 	C:\WINDOWS\System32\GDI32.dll
0x00007ff9190d0000 - 0x00007ff9191fc000 	C:\WINDOWS\System32\gdi32full.dll
0x00007ff918c20000 - 0x00007ff918cc3000 	C:\WINDOWS\System32\msvcp_win.dll
0x00007ff91b2a0000 - 0x00007ff91b2d1000 	C:\WINDOWS\System32\IMM32.DLL
0x00007ff910380000 - 0x00007ff91038c000 	C:\Program Files\Eclipse Adoptium\jdk-25.0.0.36-hotspot\bin\vcruntime140_1.dll
0x00007ff906f80000 - 0x00007ff90700d000 	C:\Program Files\Eclipse Adoptium\jdk-25.0.0.36-hotspot\bin\msvcp140.dll
0x00007ff8955a0000 - 0x00007ff8964c6000 	C:\Program Files\Eclipse Adoptium\jdk-25.0.0.36-hotspot\bin\server\jvm.dll
0x00007ff91b1d0000 - 0x00007ff91b284000 	C:\WINDOWS\System32\ADVAPI32.dll
0x00007ff919d90000 - 0x00007ff919e36000 	C:\WINDOWS\System32\sechost.dll
0x00007ff91af00000 - 0x00007ff91b018000 	C:\WINDOWS\System32\RPCRT4.dll
0x00007ff9198f0000 - 0x00007ff919964000 	C:\WINDOWS\System32\WS2_32.dll
0x00007ff9189f0000 - 0x00007ff918a4e000 	C:\WINDOWS\SYSTEM32\POWRPROF.dll
0x00007ff90e1b0000 - 0x00007ff90e1e5000 	C:\WINDOWS\SYSTEM32\WINMM.dll
0x00007ff9028d0000 - 0x00007ff9028db000 	C:\WINDOWS\SYSTEM32\VERSION.dll
0x00007ff9189d0000 - 0x00007ff9189e4000 	C:\WINDOWS\SYSTEM32\UMPDC.dll
0x00007ff917930000 - 0x00007ff91794b000 	C:\WINDOWS\SYSTEM32\kernel.appcore.dll
0x00007ff9071d0000 - 0x00007ff9071da000 	C:\Program Files\Eclipse Adoptium\jdk-25.0.0.36-hotspot\bin\jimage.dll
0x00007ff916180000 - 0x00007ff9163c2000 	C:\WINDOWS\SYSTEM32\DBGHELP.DLL
0x00007ff919a00000 - 0x00007ff919d8b000 	C:\WINDOWS\System32\combase.dll
0x00007ff91ab80000 - 0x00007ff91ac57000 	C:\WINDOWS\System32\OLEAUT32.dll
0x00007ff8fd240000 - 0x00007ff8fd27c000 	C:\WINDOWS\SYSTEM32\dbgcore.DLL
0x00007ff918b70000 - 0x00007ff918c15000 	C:\WINDOWS\System32\bcryptPrimitives.dll
0x00007ff906ef0000 - 0x00007ff906f2d000 	C:\Program Files\Eclipse Adoptium\jdk-25.0.0.36-hotspot\bin\jdwp.dll
0x00007ff9071c0000 - 0x00007ff9071cf000 	C:\Program Files\Eclipse Adoptium\jdk-25.0.0.36-hotspot\bin\instrument.dll
0x00007ff907120000 - 0x00007ff90713e000 	C:\Program Files\Eclipse Adoptium\jdk-25.0.0.36-hotspot\bin\java.dll
0x00007ff91a0e0000 - 0x00007ff91a277000 	C:\WINDOWS\System32\ole32.dll
0x00007ff91a420000 - 0x00007ff91ab6f000 	C:\WINDOWS\System32\SHELL32.dll
0x00007ff919410000 - 0x00007ff91957b000 	C:\WINDOWS\System32\wintypes.dll
0x00007ff907100000 - 0x00007ff907117000 	C:\Program Files\Eclipse Adoptium\jdk-25.0.0.36-hotspot\bin\zip.dll
0x00007ff916760000 - 0x00007ff916fbd000 	C:\WINDOWS\SYSTEM32\windows.storage.dll
0x00007ff91a280000 - 0x00007ff91a372000 	C:\WINDOWS\System32\SHCORE.dll
0x00007ff91a380000 - 0x00007ff91a3e7000 	C:\WINDOWS\System32\shlwapi.dll
0x00007ff918a90000 - 0x00007ff918ab9000 	C:\WINDOWS\SYSTEM32\profapi.dll
0x00007ff9070e0000 - 0x00007ff9070ec000 	C:\Program Files\Eclipse Adoptium\jdk-25.0.0.36-hotspot\bin\dt_socket.dll
0x00007ff917340000 - 0x00007ff917374000 	C:\WINDOWS\SYSTEM32\IPHLPAPI.DLL
0x00007ff917ea0000 - 0x00007ff917f0b000 	C:\WINDOWS\system32\mswsock.dll
0x00007ff9070b0000 - 0x00007ff9070c0000 	C:\Program Files\Eclipse Adoptium\jdk-25.0.0.36-hotspot\bin\verify.dll
0x00007ff906ed0000 - 0x00007ff906ee1000 	C:\Program Files\Eclipse Adoptium\jdk-25.0.0.36-hotspot\bin\net.dll
0x00007ff9056e0000 - 0x00007ff9056f6000 	C:\Program Files\Eclipse Adoptium\jdk-25.0.0.36-hotspot\bin\nio.dll
0x00007ff904e60000 - 0x00007ff904e6a000 	C:\Program Files\Eclipse Adoptium\jdk-25.0.0.36-hotspot\bin\management.dll
0x00007ff8fcf90000 - 0x00007ff8fcf9c000 	C:\Program Files\Eclipse Adoptium\jdk-25.0.0.36-hotspot\bin\management_ext.dll
0x00007ff9197c0000 - 0x00007ff9197c8000 	C:\WINDOWS\System32\PSAPI.DLL
0x00007ff906ec0000 - 0x00007ff906ece000 	C:\Program Files\Eclipse Adoptium\jdk-25.0.0.36-hotspot\bin\sunmscapi.dll
0x00007ff919640000 - 0x00007ff9197b7000 	C:\WINDOWS\System32\CRYPT32.dll
0x00007ff918380000 - 0x00007ff9183b0000 	C:\WINDOWS\SYSTEM32\ncrypt.dll
0x00007ff918330000 - 0x00007ff91836f000 	C:\WINDOWS\SYSTEM32\NTASN1.dll
0x00007ff918160000 - 0x00007ff91817b000 	C:\WINDOWS\SYSTEM32\CRYPTSP.dll
0x00007ff917890000 - 0x00007ff9178ca000 	C:\WINDOWS\system32\rsaenh.dll
0x00007ff917f50000 - 0x00007ff917f7b000 	C:\WINDOWS\SYSTEM32\USERENV.dll
0x00007ff918a60000 - 0x00007ff918a8a000 	C:\WINDOWS\SYSTEM32\bcrypt.dll
0x00007ff918180000 - 0x00007ff91818c000 	C:\WINDOWS\SYSTEM32\CRYPTBASE.dll
0x00007ff91b2e0000 - 0x00007ff91b2ea000 	C:\WINDOWS\System32\NSI.dll
0x00007ff9173e0000 - 0x00007ff91750c000 	C:\WINDOWS\SYSTEM32\DNSAPI.dll
0x00007ff9115e0000 - 0x00007ff9115eb000 	C:\Windows\System32\rasadhlp.dll
0x00007ff911d70000 - 0x00007ff911df6000 	C:\WINDOWS\System32\fwpuclnt.dll
0x00007ff904ec0000 - 0x00007ff904ec9000 	C:\Program Files\Eclipse Adoptium\jdk-25.0.0.36-hotspot\bin\extnet.dll

JVMTI agents:
jdwp path:C:\Program Files\Eclipse Adoptium\jdk-25.0.0.36-hotspot\bin\jdwp.dll, loaded, initialized, options:transport=dt_socket,address=127.0.0.1:51985,suspend=y,server=n
C:\Users\User\AppData\Local\JetBrains\IntelliJIdea2025.2\captureAgent\debugger-agent.jar path:C:\Program Files\Eclipse Adoptium\jdk-25.0.0.36-hotspot\bin\instrument.dll, loaded, initialized, instrumentlib options:file:///C:/Users/User/AppData/Local/Temp/capture2761451997259625320.props

dbghelp: loaded successfully - version: 4.0.5 - missing functions: none
symbol engine: initialized successfully - sym options: 0x614 - pdb path: .;C:\Program Files\Eclipse Adoptium\jdk-25.0.0.36-hotspot\bin;C:\WINDOWS\SYSTEM32;C:\WINDOWS\WinSxS\amd64_microsoft.windows.common-controls_6595b64144ccf1df_6.0.26100.7019_none_3e06ffa0e335b8a8;C:\Program Files\Eclipse Adoptium\jdk-25.0.0.36-hotspot\bin\server

VM Arguments:
jvm_args: -agentlib:jdwp=transport=dt_socket,address=127.0.0.1:51985,suspend=y,server=n -javaagent:C:\Users\User\AppData\Local\JetBrains\IntelliJIdea2025.2\captureAgent\debugger-agent.jar=file:///C:/Users/User/AppData/Local/Temp/capture2761451997259625320.props -Dkotlinx.coroutines.debug.enable.creation.stack.trace=false -Ddebugger.agent.enable.coroutines=true -Dkotlinx.coroutines.debug.enable.flows.stack.trace=true -Dkotlinx.coroutines.debug.enable.mutable.state.flows.stack.trace=true -Dfile.encoding=UTF-8 -Dsun.stdout.encoding=UTF-8 -Dsun.stderr.encoding=UTF-8 
java_command: com.example.doctor_patient_management_system.DoctorPatientManagementSystemApplication
java_class_path (initial): C:\Users\User\Desktop\SpringBoot\Doctor-Patient - 20 Nov\doctor-patient_management_system\target\classes;C:\Users\User\.m2\repository\org\springframework\boot\spring-boot-starter-data-jpa\3.5.7\spring-boot-starter-data-jpa-3.5.7.jar;C:\Users\User\.m2\repository\org\springframework\boot\spring-boot-starter\3.5.7\spring-boot-starter-3.5.7.jar;C:\Users\User\.m2\repository\org\springframework\boot\spring-boot-starter-logging\3.5.7\spring-boot-starter-logging-3.5.7.jar;C:\Users\User\.m2\repository\ch\qos\logback\logback-classic\1.5.20\logback-classic-1.5.20.jar;C:\Users\User\.m2\repository\ch\qos\logback\logback-core\1.5.20\logback-core-1.5.20.jar;C:\Users\User\.m2\repository\org\apache\logging\log4j\log4j-to-slf4j\2.24.3\log4j-to-slf4j-2.24.3.jar;C:\Users\User\.m2\repository\org\apache\logging\log4j\log4j-api\2.24.3\log4j-api-2.24.3.jar;C:\Users\User\.m2\repository\org\slf4j\jul-to-slf4j\2.0.17\jul-to-slf4j-2.0.17.jar;C:\Users\User\.m2\repository\jakarta\annotation\jakarta.annotation-api\2.1.1\jakarta.annotation-api-2.1.1.jar;C:\Users\User\.m2\repository\org\yaml\snakeyaml\2.4\snakeyaml-2.4.jar;C:\Users\User\.m2\repository\org\springframework\boot\spring-boot-starter-jdbc\3.5.7\spring-boot-starter-jdbc-3.5.7.jar;C:\Users\User\.m2\repository\com\zaxxer\HikariCP\6.3.3\HikariCP-6.3.3.jar;C:\Users\User\.m2\repository\org\springframework\spring-jdbc\6.2.12\spring-jdbc-6.2.12.jar;C:\Users\User\.m2\repository\org\hibernate\orm\hibernate-core\6.6.33.Final\hibernate-core-6.6.33.Final.jar;C:\Users\User\.m2\repository\jakarta\persistence\jakarta.persistence-api\3.1.0\jakarta.persistence-api-3.1.0.jar;C:\Users\User\.m2\repository\jakarta\transaction\jakarta.transaction-api\2.0.1\jakarta.transaction-api-2.0.1.jar;C:\Users\User\.m2\repository\org\jboss\logging\jboss-logging\3.6.1.Final\jboss-logging-3.6.1.Final.jar;C:\Users\User\.m2\repository\org\hibernate\common\hibernate-commons-annotations\7.0.3.Final\hibernate-commons-annotations-7.0.3.Final.jar;C:\Users\User\.m2\repository\io\smallrye\jandex\3.2.0\jandex-3.2.0.jar;C:\Users\User\.m2\repository\com\fasterxml\classmate\1.7.1\classmate-1.7.1.jar;C:\Users\User\.m2\repository\net\bytebuddy\byte-buddy\1.17.8\byte-buddy-1.17.8.jar;C:\Users\User\.m2\repository\org\glassfish\jaxb\jaxb-runtime\4.0.6\jaxb-runtime-4.0.6.jar;C:\Users\User\.m2\repository\org\glassfish\jaxb\jaxb-core\4.0.6\jaxb-core-4.0.6.jar;C:\Users\User\.m2\repository\org\eclipse\angus\angus-activation\2.0.3\angus-activation-2.0.3.jar;C:\Users\User\.m2\repository\org\glassfish\jaxb\txw2\4.0.6\txw2-4.0.6.jar;C:\Users\User\.m2\repository\com\sun\istack\istack-commons-runtime\4.1.2\istack-commons-runtime-4.1.2.jar;C:\Users\User\.m2\repository\jakarta\inject\jakarta.inject-api\2.0.1\jakarta.inject-api-2.0.1.jar;C:\Users\User\.m2\repository\org\antlr\antlr4-runtime\4.13.0\antlr4-runtime-4.13.0.jar;C:\Users\User\.m2\repository\org\springframework\data\spring-data-jpa\3.5.5\spring-data-jpa-3.5.5.jar;C:\Users\User\.m2\repository\org\springframework\data\spring-data-commons\3.5.5\spring-data-commons-3.5.5.jar;C:\Users\User\.m2\repository\org\springframework\spring-orm\6.2.12\spring-orm-6.2.12.jar;C:\Users\User\.m2\repository\org\springframework\spring-context\6.2.12\spring-context-6.2.12.jar;C:\Users\User\.m2\repository\org\springframework\spring-tx\6.2.12\spring-tx-6.2.12.jar;C:\Users\User\.m2\repository\org\springframework\spring-beans\6.2.12\spring-beans-6.2.12.jar;C:\Users\User\.m2\repository\org\springframework\spring-aspects\6.2.12\spring-aspects-6.2.12.jar;C:\Users\User\.m2\repository\org\aspectj\aspectjweaver\1.9.24\aspectjweaver-1.9.24.jar;C:\Users\User\.m2\repository\org\springframework\boot\spring-boot-starter-security\3.5.7\spring-boot-starter-security-3.5.7.jar;C:\Users\User\.m2\repository\org\springframework\spring-aop\6.2.12\spring-aop-6.2.12.jar;C:\Users\User\.m2\repository\org\springframework\security\spring-security-config\6.5.6\spring-security-config-6.5.6.jar;C:\Users\User\.m2\repository\org\springframework\security\spring-security-web\6.5.6\spring-security-web-6.5.6.jar;C:\Users\User\.m2\repository\org\springframework\spring-expression\6.2.12\spring-expression-6.2.12.jar;C:\Users\User\.m2\repository\org\springframework\boot\spring-boot-starter-web\3.5.7\spring-boot-starter-web-3.5.7.jar;C:\Users\User\.m2\repository\org\springframework\boot\spring-boot-starter-json\3.5.7\spring-boot-starter-json-3.5.7.jar;C:\Users\User\.m2\repository\com\fasterxml\jackson\datatype\jackson-datatype-jdk8\2.19.2\jackson-datatype-jdk8-2.19.2.jar;C:\Users\User\.m2\repository\com\fasterxml\jackson\datatype\jackson-datatype-jsr310\2.19.2\jackson-datatype-jsr310-2.19.2.jar;C:\Users\User\.m2\repository\com\fasterxml\jackson\module\jackson-module-parameter-names\2.19.2\jackson-module-parameter-names-2.19.2.jar;C:\Users\User\.m2\repository\org\springframework\boot\spring-boot-starter-tomcat\3.5.7\spring-boot-starter-tomcat-3.5.7.jar;C:\Users\User\.m2\repository\org\apache\tomcat\embed\tomcat-embed-core\10.1.48\tomcat-embed-core-10.1.48.jar;C:\Users\User\.m2\repository\org\apache\tomcat\embed\tomcat-embed-websocket\10.1.48\tomcat-embed-websocket-10.1.48.jar;C:\Users\User\.m2\repository\org\springframework\spring-web\6.2.12\spring-web-6.2.12.jar;C:\Users\User\.m2\repository\io\micrometer\micrometer-observation\1.15.5\micrometer-observation-1.15.5.jar;C:\Users\User\.m2\repository\io\micrometer\micrometer-commons\1.15.5\micrometer-commons-1.15.5.jar;C:\Users\User\.m2\repository\org\springframework\spring-webmvc\6.2.12\spring-webmvc-6.2.12.jar;C:\Users\User\.m2\repository\org\springframework\boot\spring-boot-devtools\3.5.7\spring-boot-devtools-3.5.7.jar;C:\Users\User\.m2\repository\org\springframework\boot\spring-boot\3.5.7\spring-boot-3.5.7.jar;C:\Users\User\.m2\repository\org\springframework\boot\spring-boot-autoconfigure\3.5.7\spring-boot-autoconfigure-3.5.7.jar;C:\Users\User\.m2\repository\org\postgresql\postgresql\42.7.8\postgresql-42.7.8.jar;C:\Users\User\.m2\repository\org\checkerframework\checker-qual\3.49.5\checker-qual-3.49.5.jar;C:\Users\User\.m2\repository\jakarta\xml\bind\jakarta.xml.bind-api\4.0.4\jakarta.xml.bind-api-4.0.4.jar;C:\Users\User\.m2\repository\jakarta\activation\jakarta.activation-api\2.1.4\jakarta.activation-api-2.1.4.jar;C:\Users\User\.m2\repository\org\springframework\spring-core\6.2.12\spring-core-6.2.12.jar;C:\Users\User\.m2\repository\org\springframework\spring-jcl\6.2.12\spring-jcl-6.2.12.jar;C:\Users\User\.m2\repository\io\jsonwebtoken\jjwt-api\0.11.5\jjwt-api-0.11.5.jar;C:\Users\User\.m2\repository\io\jsonwebtoken\jjwt-impl\0.11.5\jjwt-impl-0.11.5.jar;C:\Users\User\.m2\repository\io\jsonwebtoken\jjwt-jackson\0.11.5\jjwt-jackson-0.11.5.jar;C:\Users\User\.m2\repository\com\fasterxml\jackson\core\jackson-databind\2.19.2\jackson-databind-2.19.2.jar;C:\Users\User\.m2\repository\com\fasterxml\jackson\core\jackson-annotations\2.19.2\jackson-annotations-2.19.2.jar;C:\Users\User\.m2\repository\com\fasterxml\jackson\core\jackson-core\2.19.2\jackson-core-2.19.2.jar;C:\Users\User\.m2\repository\org\springframework\boot\spring-boot-starter-validation\3.5.7\spring-boot-starter-validation-3.5.7.jar;C:\Users\User\.m2\repository\org\apache\tomcat\embed\tomcat-embed-el\10.1.48\tomcat-embed-el-10.1.48.jar;C:\Users\User\.m2\repository\org\hibernate\validator\hibernate-validator\8.0.3.Final\hibernate-validator-8.0.3.Final.jar;C:\Users\User\.m2\repository\jakarta\validation\jakarta.validation-api\3.0.2\jakarta.validation-api-3.0.2.jar;C:\Users\User\.m2\repository\org\springframework\boot\spring-boot-starter-thymeleaf\3.5.7\spring-boot-starter-thymeleaf-3.5.7.jar;C:\Users\User\.m2\repository\org\thymeleaf\thymeleaf-spring6\3.1.3.RELEASE\thymeleaf-spring6-3.1.3.RELEASE.jar;C:\Users\User\.m2\repository\org\thymeleaf\thymeleaf\3.1.3.RELEASE\thymeleaf-3.1.3.RELEASE.jar;C:\Users\User\.m2\repository\org\attoparser\attoparser\2.0.7.RELEASE\attoparser-2.0.7.RELEASE.jar;C:\Users\User\.m2\repository\org\unbescape\unbescape\1.1.6.RELEASE\unbescape-1.1.6.RELEASE.jar;C:\Users\User\.m2\repository\org\thymeleaf\extras\thymeleaf-extras-springsecurity6\3.1.3.RELEASE\thymeleaf-extras-springsecurity6-3.1.3.RELEASE.jar;C:\Users\User\.m2\repository\org\slf4j\slf4j-api\2.0.17\slf4j-api-2.0.17.jar;C:\Users\User\.m2\repository\org\springframework\security\spring-security-core\6.5.6\spring-security-core-6.5.6.jar;C:\Users\User\.m2\repository\org\springframework\security\spring-security-crypto\6.5.6\spring-security-crypto-6.5.6.jar;C:\Program Files\JetBrains\IntelliJ IDEA 2025.2.2\lib\idea_rt.jar
Launcher Type: SUN_STANDARD

[Global flags]
     intx CICompilerCount                          = 4                                         {product} {ergonomic}
     uint ConcGCThreads                            = 3                                         {product} {ergonomic}
     uint G1ConcRefinementThreads                  = 10                                        {product} {ergonomic}
   size_t G1HeapRegionSize                         = 2097152                                   {product} {ergonomic}
   size_t InitialHeapSize                          = 264241152                                 {product} {ergonomic}
   size_t MarkStackSize                            = 4194304                                   {product} {ergonomic}
   size_t MarkStackSizeMax                         = 536870912                                 {product} {ergonomic}
   size_t MaxHeapSize                              = 4217372672                                {product} {ergonomic}
   size_t MaxNewSize                               = 2529165312                                {product} {ergonomic}
   size_t MinHeapDeltaBytes                        = 2097152                                   {product} {ergonomic}
   size_t MinHeapSize                              = 8388608                                   {product} {ergonomic}
    uintx NonNMethodCodeHeapSize                   = 5832704                                {pd product} {ergonomic}
    uintx NonProfiledCodeHeapSize                  = 122945536                              {pd product} {ergonomic}
    uintx ProfiledCodeHeapSize                     = 122880000                              {pd product} {ergonomic}
    uintx ReservedCodeCacheSize                    = 251658240                              {pd product} {ergonomic}
     bool SegmentedCodeCache                       = true                                      {product} {ergonomic}
   size_t SoftMaxHeapSize                          = 4217372672                             {manageable} {ergonomic}
     bool UseCompressedOops                        = true                           {product lp64_product} {ergonomic}
     bool UseG1GC                                  = true                                      {product} {ergonomic}
     bool UseLargePagesIndividualAllocation        = false                                  {pd product} {ergonomic}

Logging:
Log output configuration:
 #0: stdout all=warning uptime,level,tags foldmultilines=false
 #1: stderr all=off uptime,level,tags foldmultilines=false

Release file:
IMPLEMENTOR="Eclipse Adoptium" 
IMPLEMENTOR_VERSION="Temurin-25+36" 
JAVA_RUNTIME_VERSION="25+36-LTS" 
JAVA_VERSION="25" 
JAVA_VERSION_DATE="2025-09-16" 
LIBC="default" 
MODULES="java.base java.compiler java.datatransfer java.xml java.prefs java.desktop java.instrument java.logging java.management java.security.sasl java.naming java.rmi java.management.rmi java.net.http java.scripting java.security.jgss java.transaction.xa java.sql java.sql.rowset java.xml.crypto java.se java.smartcardio jdk.accessibility jdk.internal.jvmstat jdk.attach jdk.charsets jdk.internal.opt jdk.zipfs jdk.compiler jdk.crypto.cryptoki jdk.crypto.ec jdk.crypto.mscapi jdk.dynalink jdk.internal.ed jdk.editpad jdk.internal.vm.ci jdk.graal.compiler jdk.graal.compiler.management jdk.hotspot.agent jdk.httpserver jdk.incubator.vector jdk.internal.le jdk.internal.md jdk.jartool jdk.javadoc jdk.jcmd jdk.management jdk.management.agent jdk.jconsole jdk.jdeps jdk.jdwp.agent jdk.jdi jdk.jfr jdk.jlink jdk.jpackage jdk.jshell jdk.jsobject jdk.jstatd jdk.localedata jdk.management.jfr jdk.naming.dns jdk.naming.rmi jdk.net jdk.nio.mapmode jdk.sctp jdk.security.auth jdk.security.jgss jdk.unsupported jdk.unsupported.desktop jdk.xml.dom" 
OS_ARCH="x86_64" 
OS_NAME="Windows" 
SOURCE=".:git:ef82ae723551" 
BUILD_SOURCE="git:b7337f50fb2a765519e79674ae790c2a7450149e"
BUILD_SOURCE_REPO="https://github.com/adoptium/temurin-build.git"
SOURCE_REPO="https://github.com/adoptium/jdk.git"
FULL_VERSION="25+36-LTS"
SEMANTIC_VERSION="25+36"
BUILD_INFO="OS: Windows Server 2022 Version: 10.0"
JVM_VARIANT="Hotspot"
JVM_VERSION="25+36-LTS"
IMAGE_TYPE="JDK"

Environment Variables:
PATH=C:\Program Files\Eclipse Adoptium\jdk-25.0.0.36-hotspot\bin;C:\Program Files\Common Files\Oracle\Java\javapath;C:\WINDOWS\system32;C:\WINDOWS;C:\WINDOWS\System32\Wbem;C:\WINDOWS\System32\WindowsPowerShell\v1.0\;C:\WINDOWS\System32\OpenSSH\;C:\Users\User\Downloads\Flutterfile\flutter\bin;C:\Users\User\AppData\Local\Pub\Cache;C:\Program Files\Git\cmd;C:\Program Files\Git\bin;C:\Users\User\AppData\Local\Pub\Cache\bin;C:\Program Files\Java\jdk-17\bin;C:\MinGW\bin;C:\gradle-8.11.1\bin;C:\Program Files (x86)\Windows Kits\10\Windows Performance Toolkit\;C:\Program Files\doxygen\bin;C:\Program Files\Microsoft SQL Server\150\Tools\Binn\;C:\Program Files\Microsoft SQL Server\Client SDK\ODBC\170\Tools\Binn\;C:\Program Files\dotnet\;C:\Program Files\nodejs\;C:\Program Files\RabbitMQ Server\rabbitmq_server-4.1.4\sbin;;C:\Program Files\Docker\Docker\resources\bin;C:\Program Files\MySQL\MySQL Shell 8.0\bin\;C:\Users\User\AppData\Local\Programs\Python\Python312\Scripts\;C:\Users\User\AppData\Local\Programs\Python\Python312\;C:\Users\User\AppData\Local\Programs\Python\Launcher\;C:\Users\User\AppData\Local\Microsoft\WindowsApps;C:\Users\User\AppData\Local\Programs\Microsoft VS Code\bin;C:\Users\User\.dotnet\tools;C:\Users\User\AppData\Roaming\npm;C:\Program Files (x86)\apache-maven-3.9.11\bin;
USERNAME=User
OS=Windows_NT
PROCESSOR_IDENTIFIER=Intel64 Family 6 Model 154 Stepping 4, GenuineIntel
TMP=C:\Users\User\AppData\Local\Temp
TEMP=C:\Users\User\AppData\Local\Temp




Compilation memory statistics disabled.

Periodic native trim disabled

---------------  S Y S T E M  ---------------

OS:
 Windows 11 , 64 bit Build 26100 (10.0.26100.7019)
OS uptime: 2 days 4:53 hours
Hyper-V role detected

CPU: total 12 (initial active 12) (6 cores per cpu, 2 threads per core) family 6 model 154 stepping 4 microcode 0x424, cx8, cmov, fxsr, ht, mmx, 3dnowpref, sse, sse2, sse3, ssse3, sse4.1, sse4.2, popcnt, lzcnt, tsc, tscinvbit, avx, avx2, aes, erms, clmul, bmi1, bmi2, adx, sha, fma, vzeroupper, clflush, clflushopt, clwb, hv, serialize, rdtscp, rdpid, fsrm, gfni, f16c, cet_ibt, cet_ss
Processor Information for the first 12 processors :
  Max Mhz: 1300, Current Mhz: 1300, Mhz Limit: 1300

Memory: 4k page, system-wide physical 16087M (1092M free)
TotalPageFile size 50672M (AvailPageFile size 12M)
current process WorkingSet (physical memory assigned to process): 394M, peak: 396M
current process commit charge ("private bytes"): 432M, peak: 445M

vm_info: OpenJDK 64-Bit Server VM (25+36-LTS) for windows-amd64 JRE (25+36-LTS), built on 2025-09-16T00:00:00Z with unknown MS VC++:1942

END.
